#
# A fatal error has been detected by the Java Runtime Environment:
#
#  SIGSEGV (0xb) at pc=0x0000000104d7edd0, pid=1243, tid=29191
#
# JRE version: OpenJDK Runtime Environment (11.0.8+10) (build 11.0.8+10-b944.6916264)
# Java VM: OpenJDK 64-Bit Server VM (11.0.8+10-b944.6916264, mixed mode, tiered, compressed oops, g1 gc, bsd-amd64)
# Problematic frame:
# V  [libjvm.dylib+0x37edd0]  IndexSet::IndexSet(IndexSet*)+0xd6
#
# No core dump will be written. Core dumps have been disabled. To enable core dumping, try "ulimit -c unlimited" before starting Java again
#
# If you would like to submit a bug report, please visit:
#   https://bugreport.java.com/bugreport/crash.jsp
#

---------------  S U M M A R Y ------------

Command Line: --add-opens=java.base/java.util=ALL-UNNAMED --add-opens=java.base/java.lang=ALL-UNNAMED --add-opens=java.base/java.lang.invoke=ALL-UNNAMED --add-opens=java.prefs/java.util.prefs=ALL-UNNAMED -Xmx2048m -Dfile.encoding=UTF-8 -Duser.country=BR -Duser.language=pt -Duser.variant org.gradle.launcher.daemon.bootstrap.GradleDaemon 6.7.1

Host: MacBookPro9,2 x86_64 2500 MHz, 4 cores, 10G, Darwin 19.6.0
Time: Sat Jul 31 19:22:41 2021 -03 elapsed time: 7 seconds (0d 0h 0m 7s)

---------------  T H R E A D  ---------------

Current thread (0x00007fefab1e4000):  JavaThread "C2 CompilerThread1" daemon [_thread_in_native, id=29191, stack(0x0000700008a8a000,0x0000700008b8a000)]


Current CompileTask:
C2:   7627 2928       4       org.codehaus.groovy.runtime.metaclass.MetaMethodIndex::addMethodToList (298 bytes)

Stack: [0x0000700008a8a000,0x0000700008b8a000],  sp=0x0000700008b865a0,  free space=1009k
Native frames: (J=compiled Java code, A=aot compiled Java code, j=interpreted, Vv=VM code, C=native code)
V  [libjvm.dylib+0x37edd0]  IndexSet::IndexSet(IndexSet*)+0xd6
V  [libjvm.dylib+0x379f6b]  PhaseChaitin::build_ifg_physical(ResourceArea*)+0x89
V  [libjvm.dylib+0x1b18e1]  PhaseChaitin::Register_Allocate()+0x371
V  [libjvm.dylib+0x21e6d5]  Compile::Code_Gen()+0x20d
V  [libjvm.dylib+0x21ca3e]  Compile::Compile(ciEnv*, C2Compiler*, ciMethod*, int, bool, bool, bool, DirectiveSet*)+0x8d2
V  [libjvm.dylib+0x19dfa0]  C2Compiler::compile_method(ciEnv*, ciMethod*, int, DirectiveSet*)+0xb6
V  [libjvm.dylib+0x229397]  CompileBroker::invoke_compiler_on_method(CompileTask*)+0x577
V  [libjvm.dylib+0x228cab]  CompileBroker::compiler_thread_loop()+0x1ab
V  [libjvm.dylib+0x6ec558]  JavaThread::thread_main_inner()+0x82
V  [libjvm.dylib+0x6ec3a2]  JavaThread::run()+0x174
V  [libjvm.dylib+0x6ea27e]  Thread::call_run()+0x68
V  [libjvm.dylib+0x5f20ab]  thread_native_entry(Thread*)+0x139
C  [libsystem_pthread.dylib+0x6109]  _pthread_start+0x94
C  [libsystem_pthread.dylib+0x1b8b]  thread_start+0xf


siginfo: si_signo: 11 (SIGSEGV), si_code: 1 (SEGV_MAPERR), si_addr: 0x0000000305333c38

Register to memory mapping:

RAX=0x00007fefa5d81aa0 points into unknown readable memory: a0 1e d8 a5 ef 7f 00 00
RBX=0x0000000000000003 is an unknown value
RCX=0x00007fefa5d81ea0 points into unknown readable memory: e0 1e d8 a5 ef 7f 00 00
RDX=0x0 is NULL
RSP=0x0000700008b865a0 is pointing into the stack for thread: 0x00007fefab1e4000
RBP=0x0000700008b865d0 is pointing into the stack for thread: 0x00007fefab1e4000
RSI=0x0000000105333c20: _ZN8IndexSet12_empty_blockE+0 in /Applications/Android Studio.app/Contents/jre/jdk/Contents/Home/lib/server/libjvm.dylib at 0x0000000104a00000
RDI=0x0000000105326f90: _ZN6Thread12_thr_currentE+0 in /Applications/Android Studio.app/Contents/jre/jdk/Contents/Home/lib/server/libjvm.dylib at 0x0000000104a00000
R8 =0x0000700008b867b0 is pointing into the stack for thread: 0x00007fefab1e4000
R9 =0x0000700008b867b0 is pointing into the stack for thread: 0x00007fefab1e4000
R10=0x00007fefa5d81a20 points into unknown readable memory: 9e a0 1d 00 00 00 00 00
R11=0x0000700008b86570 is pointing into the stack for thread: 0x00007fefab1e4000
R12=0x0000700008b89040 is pointing into the stack for thread: 0x00007fefab1e4000
R13=0x0000000305333c20 is an unknown value
R14=0x00007fefa853e4d0 points into unknown readable memory: 0d 00 00 00 02 00 00 00
R15=0x0000700008b86698 is pointing into the stack for thread: 0x00007fefab1e4000


Registers:
RAX=0x00007fefa5d81aa0, RBX=0x0000000000000003, RCX=0x00007fefa5d81ea0, RDX=0x0000000000000000
RSP=0x0000700008b865a0, RBP=0x0000700008b865d0, RSI=0x0000000105333c20, RDI=0x0000000105326f90
R8 =0x0000700008b867b0, R9 =0x0000700008b867b0, R10=0x00007fefa5d81a20, R11=0x0000700008b86570
R12=0x0000700008b89040, R13=0x0000000305333c20, R14=0x00007fefa853e4d0, R15=0x0000700008b86698
RIP=0x0000000104d7edd0, EFLAGS=0x0000000000010206, ERR=0x0000000000000004
  TRAPNO=0x000000000000000e

Top of Stack: (sp=0x0000700008b865a0)
0x0000700008b865a0:   00007fefa853e4d0 0000700008b86698
0x0000700008b865b0:   00007fefa945d370 0000700008b88148
0x0000700008b865c0:   00007fefa945d4c0 00000000ffffffff
0x0000700008b865d0:   0000700008b86800 0000000104d79f6b
0x0000700008b865e0:   0000700008b867b0 01000001050f24cb
0x0000700008b865f0:   0000700008b86620 000000010511f522
0x0000700008b86600:   0000700008b89ca0 0000000000000000
0x0000700008b86610:   0000000000000000 0000000000000000
0x0000700008b86620:   00007fefa8547000 0000000000234000
0x0000700008b86630:   00007fefa81970f8 0000000104136000
0x0000700008b86640:   0000000104130000 0000000000000000
0x0000700008b86650:   0000700008b866c0 00007fff68843000
0x0000700008b86660:   0000000000000fff 000000010519f5e2
0x0000700008b86670:   0000000000000000 0000000000000000
0x0000700008b86680:   0000000000000000 000000010519f5e2
0x0000700008b86690:   0000000000000000 00007fef0000000d
0x0000700008b866a0:   0000700008b866a8 00007fefa5d81a60
0x0000700008b866b0:   0000000105333c20 0000000105333c20
0x0000700008b866c0:   0000000105333c20 0000000105333c20
0x0000700008b866d0:   0000000000007fd8 0000000000000000
0x0000700008b866e0:   00007fefaa089a00 0000700008b86818
0x0000700008b866f0:   0000700008b86710 0000000104ae84f4
0x0000700008b86700:   0000000000000000 00000000000169e0
0x0000700008b86710:   0000700008b86740 0000000104f14db6
0x0000700008b86720:   0000000000000005 00007fef00000005
0x0000700008b86730:   0000700008b86758 0000000000000004
0x0000700008b86740:   0000000000000000 0000000000000000
0x0000700008b86750:   0000000000000016 0000000000000001
0x0000700008b86760:   0000700008b88148 00007fefa83dfdd0
0x0000700008b86770:   0000000000000004 00000003000e93e8
0x0000700008b86780:   00007fefa83df010 0000000000000dc0
0x0000700008b86790:   0000000000000000 0000000500000006 

Instructions: (pc=0x0000000104d7edd0)
0x0000000104d7ecd0:   48 c7 47 10 00 00 00 00 48 8b 46 08 48 89 47 20
0x0000000104d7ece0:   48 89 77 30 eb 12 c7 47 08 08 00 00 00 b8 01 00
0x0000000104d7ecf0:   00 00 89 47 18 89 47 28 5d c3 55 48 89 e5 41 57
0x0000000104d7ed00:   41 56 41 55 41 54 53 50 49 89 f6 49 89 ff 8b 06
0x0000000104d7ed10:   89 07 8b b6 90 00 00 00 89 b7 90 00 00 00 48 83
0x0000000104d7ed20:   fe 10 77 0a 49 8d 47 10 49 89 47 08 eb 37 48 8d
0x0000000104d7ed30:   3d 5b 82 5a 00 ff 17 48 8b 00 48 8b 80 c8 04 00
0x0000000104d7ed40:   00 48 8b 80 88 00 00 00 48 8b b8 80 08 00 00 48
0x0000000104d7ed50:   c1 e6 03 31 d2 e8 a6 07 3a 00 49 89 47 08 41 8b
0x0000000104d7ed60:   b7 90 00 00 00 85 f6 0f 84 a7 00 00 00 31 db 48
0x0000000104d7ed70:   8d 35 aa 4e 5b 00 4c 89 75 d0 49 8b 46 08 4c 8b
0x0000000104d7ed80:   2c d8 49 39 f5 74 72 48 8d 3d 02 82 5a 00 ff 17
0x0000000104d7ed90:   48 8b 00 48 8b 80 c8 04 00 00 4c 8b a0 88 00 00
0x0000000104d7eda0:   00 49 8b 84 24 88 08 00 00 48 85 c0 75 17 49 89
0x0000000104d7edb0:   f6 e8 e8 fa ff ff 4c 89 f6 4c 8b 75 d0 49 8b 84
0x0000000104d7edc0:   24 88 08 00 00 48 8b 08 49 89 8c 24 88 08 00 00
0x0000000104d7edd0:   49 8b 4d 18 48 89 48 18 49 8b 4d 10 48 89 48 10
0x0000000104d7ede0:   49 8b 4d 00 49 8b 55 08 48 89 50 08 48 89 08 49
0x0000000104d7edf0:   8b 4f 08 48 89 04 d9 eb 08 49 8b 47 08 48 89 34
0x0000000104d7ee00:   d8 48 ff c3 41 8b 87 90 00 00 00 48 39 c3 0f 82
0x0000000104d7ee10:   66 ff ff ff 48 83 c4 08 5b 41 5c 41 5d 41 5e 41
0x0000000104d7ee20:   5f 5d c3 90 55 48 89 e5 5d e9 cc fe ff ff 55 48
0x0000000104d7ee30:   89 e5 53 50 89 f0 48 89 fb c7 07 00 00 00 00 05
0x0000000104d7ee40:   ff 00 00 00 89 c6 c1 ee 08 89 b7 90 00 00 00 3d
0x0000000104d7ee50:   ff 10 00 00 77 0a 48 8d 43 10 48 89 43 08 eb 35
0x0000000104d7ee60:   48 8d 3d 29 81 5a 00 ff 17 48 8b 00 48 8b 80 c8
0x0000000104d7ee70:   04 00 00 48 8b 80 88 00 00 00 48 8b b8 80 08 00
0x0000000104d7ee80:   00 c1 e6 03 31 d2 e8 75 06 3a 00 48 89 43 08 8b
0x0000000104d7ee90:   b3 90 00 00 00 85 f6 74 2e 48 8d 0d 80 4d 5b 00
0x0000000104d7eea0:   48 89 08 83 bb 90 00 00 00 02 72 1b b8 01 00 00
0x0000000104d7eeb0:   00 48 8b 53 08 48 89 0c c2 48 ff c0 8b 93 90 00
0x0000000104d7eec0:   00 00 48 39 d0 72 ea 48 83 c4 08 5b 5d c3 55 48 


Stack slot to memory mapping:
stack at sp + 0 slots: 0x00007fefa853e4d0 points into unknown readable memory: 0d 00 00 00 02 00 00 00
stack at sp + 1 slots: 0x0000700008b86698 is pointing into the stack for thread: 0x00007fefab1e4000
stack at sp + 2 slots: 0x00007fefa945d370 points into unknown readable memory: c0 ad 2a 05 01 00 00 00
stack at sp + 3 slots: 0x0000700008b88148 is pointing into the stack for thread: 0x00007fefab1e4000
stack at sp + 4 slots: 0x00007fefa945d4c0 points into unknown readable memory: c0 ad 2a 05 01 00 00 00
stack at sp + 5 slots: 0x00000000ffffffff is an unknown value
stack at sp + 6 slots: 0x0000700008b86800 is pointing into the stack for thread: 0x00007fefab1e4000
stack at sp + 7 slots: 0x0000000104d79f6b: _ZN12PhaseChaitin18build_ifg_physicalEP12ResourceArea+0x89 in /Applications/Android Studio.app/Contents/jre/jdk/Contents/Home/lib/server/libjvm.dylib at 0x0000000104a00000


---------------  P R O C E S S  ---------------

Threads class SMR info:
_java_thread_list=0x00007fefa57e37d0, length=30, elements={
0x00007fefa600b000, 0x00007fefa580e000, 0x00007fefa580f000, 0x00007fefa6832800,
0x00007fefa5814800, 0x00007fefa5817800, 0x00007fefa609d000, 0x00007fefa584c800,
0x00007fefa6850800, 0x00007fefa6fff000, 0x00007fefa59cd800, 0x00007fefa59e3000,
0x00007fefa5c2e800, 0x00007fefa5c25000, 0x00007fefa63ec000, 0x00007fefa5c88000,
0x00007fefa6c19800, 0x00007fefa9066000, 0x00007fefa67dc000, 0x00007fefa5e95000,
0x00007fefa5c26000, 0x00007fefa5f7a000, 0x00007fefa5a53000, 0x00007fefaa0e3000,
0x00007fefa5c91800, 0x00007fefa686e000, 0x00007fefab1e1000, 0x00007fefab1e4000,
0x00007fefa5dda800, 0x00007fefaa309800
}

Java Threads: ( => current thread )
  0x00007fefa600b000 JavaThread "main" [_thread_blocked, id=5891, stack(0x000070000661b000,0x000070000671b000)]
  0x00007fefa580e000 JavaThread "Reference Handler" daemon [_thread_blocked, id=17923, stack(0x0000700006d30000,0x0000700006e30000)]
  0x00007fefa580f000 JavaThread "Finalizer" daemon [_thread_blocked, id=17155, stack(0x0000700006e33000,0x0000700006f33000)]
  0x00007fefa6832800 JavaThread "Signal Dispatcher" daemon [_thread_blocked, id=21763, stack(0x000070000703c000,0x000070000713c000)]
  0x00007fefa5814800 JavaThread "C2 CompilerThread0" daemon [_thread_in_native, id=43011, stack(0x000070000713f000,0x000070000723f000)]
  0x00007fefa5817800 JavaThread "C1 CompilerThread0" daemon [_thread_blocked, id=42499, stack(0x0000700007242000,0x0000700007342000)]
  0x00007fefa609d000 JavaThread "Sweeper thread" daemon [_thread_blocked, id=41987, stack(0x0000700007345000,0x0000700007445000)]
  0x00007fefa584c800 JavaThread "Common-Cleaner" daemon [_thread_blocked, id=22787, stack(0x0000700007448000,0x0000700007548000)]
  0x00007fefa6850800 JavaThread "Service Thread" daemon [_thread_blocked, id=40963, stack(0x000070000754b000,0x000070000764b000)]
  0x00007fefa6fff000 JavaThread "Daemon health stats" [_thread_blocked, id=24835, stack(0x0000700007a5a000,0x0000700007b5a000)]
  0x00007fefa59cd800 JavaThread "Incoming local TCP Connector on port 49572" [_thread_in_native, id=38915, stack(0x0000700007b5d000,0x0000700007c5d000)]
  0x00007fefa59e3000 JavaThread "Daemon" [_thread_blocked, id=38147, stack(0x0000700007c60000,0x0000700007d60000)]
  0x00007fefa5c2e800 JavaThread "Daemon periodic checks" [_thread_blocked, id=37635, stack(0x0000700007d63000,0x0000700007e63000)]
  0x00007fefa5c25000 JavaThread "Handler for socket connection from /127.0.0.1:49572 to /127.0.0.1:49573" [_thread_in_native, id=36867, stack(0x0000700007e66000,0x0000700007f66000)]
  0x00007fefa63ec000 JavaThread "Cancel handler" [_thread_blocked, id=36355, stack(0x0000700007f69000,0x0000700008069000)]
  0x00007fefa5c88000 JavaThread "Daemon worker" [_thread_in_vm, id=25603, stack(0x000070000806c000,0x000070000816c000)]
  0x00007fefa6c19800 JavaThread "Asynchronous log dispatcher for DefaultDaemonConnection: socket connection from /127.0.0.1:49572 to /127.0.0.1:49573" [_thread_blocked, id=35331, stack(0x000070000816f000,0x000070000826f000)]
  0x00007fefa9066000 JavaThread "Stdin handler" [_thread_blocked, id=34563, stack(0x0000700008272000,0x0000700008372000)]
  0x00007fefa67dc000 JavaThread "Thread-8" [_thread_blocked, id=26115, stack(0x0000700008375000,0x0000700008475000)]
  0x00007fefa5e95000 JavaThread "Cache worker for file hash cache (/Users/brunogambeta/.gradle/caches/6.7.1/fileHashes)" [_thread_blocked, id=33283, stack(0x000070000857b000,0x000070000867b000)]
  0x00007fefa5c26000 JavaThread "File lock request listener" [_thread_in_native, id=27139, stack(0x000070000867e000,0x000070000877e000)]
  0x00007fefa5f7a000 JavaThread "Cache worker for journal cache (/Users/brunogambeta/.gradle/caches/journal-1)" [_thread_blocked, id=32515, stack(0x0000700008781000,0x0000700008881000)]
  0x00007fefa5a53000 JavaThread "Cache worker for file hash cache (/Users/brunogambeta/MeusProjetos/ProjetosAndroid/AppAssistenciaLogica/.gradle/6.7.1/fileHashes)" [_thread_blocked, id=24071, stack(0x0000700007751000,0x0000700007851000)]
  0x00007fefaa0e3000 JavaThread "Cache worker for checksums cache (/Users/brunogambeta/MeusProjetos/ProjetosAndroid/AppAssistenciaLogica/.gradle/checksums)" [_thread_blocked, id=28163, stack(0x0000700008884000,0x0000700008984000)]
  0x00007fefa5c91800 JavaThread "Cache worker for cache directory md-supplier (/Users/brunogambeta/.gradle/caches/6.7.1/md-supplier)" [_thread_blocked, id=32003, stack(0x0000700008987000,0x0000700008a87000)]
  0x00007fefa686e000 JavaThread "Cache worker for cache directory md-rule (/Users/brunogambeta/.gradle/caches/6.7.1/md-rule)" [_thread_blocked, id=29699, stack(0x0000700008b8d000,0x0000700008c8d000)]
  0x00007fefab1e1000 JavaThread "Cache worker for execution history cache (/Users/brunogambeta/.gradle/caches/6.7.1/executionHistory)" [_thread_blocked, id=31491, stack(0x0000700008c90000,0x0000700008d90000)]
=>0x00007fefab1e4000 JavaThread "C2 CompilerThread1" daemon [_thread_in_native, id=29191, stack(0x0000700008a8a000,0x0000700008b8a000)]
  0x00007fefa5dda800 JavaThread "jar transforms" [_thread_blocked, id=30723, stack(0x0000700008d93000,0x0000700008e93000)]
  0x00007fefaa309800 JavaThread "Cache worker for file content cache (/Users/brunogambeta/.gradle/caches/6.7.1/fileContent)" [_thread_blocked, id=43523, stack(0x0000700008e96000,0x0000700008f96000)]

Other Threads:
  0x00007fefa5812000 VMThread "VM Thread" [stack: 0x0000700006c2d000,0x0000700006d2d000] [id=13059]
  0x00007fefa60a4000 WatcherThread [stack: 0x000070000764e000,0x000070000774e000] [id=40707]
  0x00007fefa5808800 GCTaskThread "GC Thread#0" [stack: 0x000070000671e000,0x000070000681e000] [id=11523]
  0x00007fefa6188000 GCTaskThread "GC Thread#1" [stack: 0x0000700007854000,0x0000700007954000] [id=24323]
  0x00007fefa6141000 GCTaskThread "GC Thread#2" [stack: 0x0000700007957000,0x0000700007a57000] [id=39939]
  0x00007fefa5e7e800 GCTaskThread "GC Thread#3" [stack: 0x0000700008478000,0x0000700008578000] [id=26371]
  0x00007fefa682b800 ConcurrentGCThread "G1 Main Marker" [stack: 0x0000700006821000,0x0000700006921000] [id=20483]
  0x00007fefa600c000 ConcurrentGCThread "G1 Conc#0" [stack: 0x0000700006924000,0x0000700006a24000] [id=19715]
  0x00007fefa607a000 ConcurrentGCThread "G1 Refine#0" [stack: 0x0000700006a27000,0x0000700006b27000] [id=12291]
  0x00007fefa5809800 ConcurrentGCThread "G1 Young RemSet Sampling" [stack: 0x0000700006b2a000,0x0000700006c2a000] [id=12547]

Threads with active compile tasks:
C2 CompilerThread0   7651 2955       4       jdk.internal.org.objectweb.asm.Frame::execute (2264 bytes)
C2 CompilerThread1   7651 2928       4       org.codehaus.groovy.runtime.metaclass.MetaMethodIndex::addMethodToList (298 bytes)

VM state:not at safepoint (normal execution)

VM Mutex/Monitor currently owned by a thread: None

Heap address: 0x0000000780000000, size: 2048 MB, Compressed Oops mode: Zero based, Oop shift amount: 3
Narrow klass base: 0x0000000800000000, Narrow klass shift: 0
Compressed class space size: 1073741824 Address: 0x0000000800000000

Heap:
 garbage-first heap   total 196608K, used 62268K [0x0000000780000000, 0x0000000800000000)
  region size 1024K, 46 young (47104K), 8 survivors (8192K)
 Metaspace       used 39345K, capacity 40215K, committed 40704K, reserved 1085440K
  class space    used 4995K, capacity 5283K, committed 5376K, reserved 1048576K
Heap Regions: E=young(eden), S=young(survivor), O=old, HS=humongous(starts), HC=humongous(continues), CS=collection set, F=free, A=archive, TAMS=top-at-mark-start (previous, next)
|   0|0x0000000780000000, 0x0000000780100000, 0x0000000780100000|100%| O|  |TAMS 0x0000000780100000, 0x0000000780000000| Untracked 
|   1|0x0000000780100000, 0x0000000780200000, 0x0000000780200000|100%| O|  |TAMS 0x0000000780200000, 0x0000000780100000| Untracked 
|   2|0x0000000780200000, 0x0000000780300000, 0x0000000780300000|100%| O|  |TAMS 0x0000000780300000, 0x0000000780200000| Untracked 
|   3|0x0000000780300000, 0x0000000780400000, 0x0000000780400000|100%|HS|  |TAMS 0x0000000780400000, 0x0000000780300000| Complete 
|   4|0x0000000780400000, 0x0000000780500000, 0x0000000780500000|100%|HC|  |TAMS 0x0000000780500000, 0x0000000780400000| Complete 
|   5|0x0000000780500000, 0x0000000780600000, 0x0000000780600000|100%|HC|  |TAMS 0x0000000780600000, 0x0000000780500000| Complete 
|   6|0x0000000780600000, 0x0000000780700000, 0x0000000780700000|100%| O|  |TAMS 0x0000000780700000, 0x0000000780600000| Untracked 
|   7|0x0000000780700000, 0x0000000780800000, 0x0000000780800000|100%| O|  |TAMS 0x0000000780800000, 0x0000000780700000| Untracked 
|   8|0x0000000780800000, 0x0000000780900000, 0x0000000780900000|100%| O|  |TAMS 0x0000000780900000, 0x0000000780800000| Untracked 
|   9|0x0000000780900000, 0x0000000780a00000, 0x0000000780a00000|100%| O|  |TAMS 0x0000000780a00000, 0x0000000780900000| Untracked 
|  10|0x0000000780a00000, 0x0000000780b00000, 0x0000000780b00000|100%| O|  |TAMS 0x0000000780b00000, 0x0000000780a00000| Untracked 
|  11|0x0000000780b00000, 0x0000000780c00000, 0x0000000780c00000|100%| O|  |TAMS 0x0000000780c00000, 0x0000000780b00000| Untracked 
|  12|0x0000000780c00000, 0x0000000780ccf000, 0x0000000780d00000| 80%| O|  |TAMS 0x0000000780ccf000, 0x0000000780c00000| Untracked 
|  13|0x0000000780d00000, 0x0000000780e00000, 0x0000000780e00000|100%|HS|  |TAMS 0x0000000780d00000, 0x0000000780d00000| Complete 
|  14|0x0000000780e00000, 0x0000000780f00000, 0x0000000780f00000|100%|HS|  |TAMS 0x0000000780e00000, 0x0000000780e00000| Complete 
|  15|0x0000000780f00000, 0x0000000781000000, 0x0000000781000000|100%|HC|  |TAMS 0x0000000780f00000, 0x0000000780f00000| Complete 
|  16|0x0000000781000000, 0x0000000781100000, 0x0000000781100000|100%|HS|  |TAMS 0x0000000781000000, 0x0000000781000000| Complete 
|  17|0x0000000781100000, 0x0000000781100000, 0x0000000781200000|  0%| F|  |TAMS 0x0000000781100000, 0x0000000781100000| Untracked 
|  18|0x0000000781200000, 0x0000000781200000, 0x0000000781300000|  0%| F|  |TAMS 0x0000000781200000, 0x0000000781200000| Untracked 
|  19|0x0000000781300000, 0x0000000781300000, 0x0000000781400000|  0%| F|  |TAMS 0x0000000781300000, 0x0000000781300000| Untracked 
|  20|0x0000000781400000, 0x0000000781400000, 0x0000000781500000|  0%| F|  |TAMS 0x0000000781400000, 0x0000000781400000| Untracked 
|  21|0x0000000781500000, 0x0000000781500000, 0x0000000781600000|  0%| F|  |TAMS 0x0000000781500000, 0x0000000781500000| Untracked 
|  22|0x0000000781600000, 0x0000000781600000, 0x0000000781700000|  0%| F|  |TAMS 0x0000000781600000, 0x0000000781600000| Untracked 
|  23|0x0000000781700000, 0x0000000781700000, 0x0000000781800000|  0%| F|  |TAMS 0x0000000781700000, 0x0000000781700000| Untracked 
|  24|0x0000000781800000, 0x0000000781800000, 0x0000000781900000|  0%| F|  |TAMS 0x0000000781800000, 0x0000000781800000| Untracked 
|  25|0x0000000781900000, 0x0000000781900000, 0x0000000781a00000|  0%| F|  |TAMS 0x0000000781900000, 0x0000000781900000| Untracked 
|  26|0x0000000781a00000, 0x0000000781a00000, 0x0000000781b00000|  0%| F|  |TAMS 0x0000000781a00000, 0x0000000781a00000| Untracked 
|  27|0x0000000781b00000, 0x0000000781b00000, 0x0000000781c00000|  0%| F|  |TAMS 0x0000000781b00000, 0x0000000781b00000| Untracked 
|  28|0x0000000781c00000, 0x0000000781c00000, 0x0000000781d00000|  0%| F|  |TAMS 0x0000000781c00000, 0x0000000781c00000| Untracked 
|  29|0x0000000781d00000, 0x0000000781d00000, 0x0000000781e00000|  0%| F|  |TAMS 0x0000000781d00000, 0x0000000781d00000| Untracked 
|  30|0x0000000781e00000, 0x0000000781e00000, 0x0000000781f00000|  0%| F|  |TAMS 0x0000000781e00000, 0x0000000781e00000| Untracked 
|  31|0x0000000781f00000, 0x0000000781f00000, 0x0000000782000000|  0%| F|  |TAMS 0x0000000781f00000, 0x0000000781f00000| Untracked 
|  32|0x0000000782000000, 0x0000000782000000, 0x0000000782100000|  0%| F|  |TAMS 0x0000000782000000, 0x0000000782000000| Untracked 
|  33|0x0000000782100000, 0x0000000782100000, 0x0000000782200000|  0%| F|  |TAMS 0x0000000782100000, 0x0000000782100000| Untracked 
|  34|0x0000000782200000, 0x0000000782200000, 0x0000000782300000|  0%| F|  |TAMS 0x0000000782200000, 0x0000000782200000| Untracked 
|  35|0x0000000782300000, 0x0000000782300000, 0x0000000782400000|  0%| F|  |TAMS 0x0000000782300000, 0x0000000782300000| Untracked 
|  36|0x0000000782400000, 0x0000000782400000, 0x0000000782500000|  0%| F|  |TAMS 0x0000000782400000, 0x0000000782400000| Untracked 
|  37|0x0000000782500000, 0x0000000782500000, 0x0000000782600000|  0%| F|  |TAMS 0x0000000782500000, 0x0000000782500000| Untracked 
|  38|0x0000000782600000, 0x0000000782600000, 0x0000000782700000|  0%| F|  |TAMS 0x0000000782600000, 0x0000000782600000| Untracked 
|  39|0x0000000782700000, 0x0000000782700000, 0x0000000782800000|  0%| F|  |TAMS 0x0000000782700000, 0x0000000782700000| Untracked 
|  40|0x0000000782800000, 0x0000000782800000, 0x0000000782900000|  0%| F|  |TAMS 0x0000000782800000, 0x0000000782800000| Untracked 
|  41|0x0000000782900000, 0x0000000782900000, 0x0000000782a00000|  0%| F|  |TAMS 0x0000000782900000, 0x0000000782900000| Untracked 
|  42|0x0000000782a00000, 0x0000000782a00000, 0x0000000782b00000|  0%| F|  |TAMS 0x0000000782a00000, 0x0000000782a00000| Untracked 
|  43|0x0000000782b00000, 0x0000000782b00000, 0x0000000782c00000|  0%| F|  |TAMS 0x0000000782b00000, 0x0000000782b00000| Untracked 
|  44|0x0000000782c00000, 0x0000000782c00000, 0x0000000782d00000|  0%| F|  |TAMS 0x0000000782c00000, 0x0000000782c00000| Untracked 
|  45|0x0000000782d00000, 0x0000000782d00000, 0x0000000782e00000|  0%| F|  |TAMS 0x0000000782d00000, 0x0000000782d00000| Untracked 
|  46|0x0000000782e00000, 0x0000000782e00000, 0x0000000782f00000|  0%| F|  |TAMS 0x0000000782e00000, 0x0000000782e00000| Untracked 
|  47|0x0000000782f00000, 0x0000000782f00000, 0x0000000783000000|  0%| F|  |TAMS 0x0000000782f00000, 0x0000000782f00000| Untracked 
|  48|0x0000000783000000, 0x0000000783000000, 0x0000000783100000|  0%| F|  |TAMS 0x0000000783000000, 0x0000000783000000| Untracked 
|  49|0x0000000783100000, 0x0000000783100000, 0x0000000783200000|  0%| F|  |TAMS 0x0000000783100000, 0x0000000783100000| Untracked 
|  50|0x0000000783200000, 0x0000000783200000, 0x0000000783300000|  0%| F|  |TAMS 0x0000000783200000, 0x0000000783200000| Untracked 
|  51|0x0000000783300000, 0x0000000783300000, 0x0000000783400000|  0%| F|  |TAMS 0x0000000783300000, 0x0000000783300000| Untracked 
|  52|0x0000000783400000, 0x0000000783400000, 0x0000000783500000|  0%| F|  |TAMS 0x0000000783400000, 0x0000000783400000| Untracked 
|  53|0x0000000783500000, 0x0000000783500000, 0x0000000783600000|  0%| F|  |TAMS 0x0000000783500000, 0x0000000783500000| Untracked 
|  54|0x0000000783600000, 0x0000000783600000, 0x0000000783700000|  0%| F|  |TAMS 0x0000000783600000, 0x0000000783600000| Untracked 
|  55|0x0000000783700000, 0x0000000783700000, 0x0000000783800000|  0%| F|  |TAMS 0x0000000783700000, 0x0000000783700000| Untracked 
|  56|0x0000000783800000, 0x0000000783800000, 0x0000000783900000|  0%| F|  |TAMS 0x0000000783800000, 0x0000000783800000| Untracked 
|  57|0x0000000783900000, 0x0000000783900000, 0x0000000783a00000|  0%| F|  |TAMS 0x0000000783900000, 0x0000000783900000| Untracked 
|  58|0x0000000783a00000, 0x0000000783a00000, 0x0000000783b00000|  0%| F|  |TAMS 0x0000000783a00000, 0x0000000783a00000| Untracked 
|  59|0x0000000783b00000, 0x0000000783b00000, 0x0000000783c00000|  0%| F|  |TAMS 0x0000000783b00000, 0x0000000783b00000| Untracked 
|  60|0x0000000783c00000, 0x0000000783c00000, 0x0000000783d00000|  0%| F|  |TAMS 0x0000000783c00000, 0x0000000783c00000| Untracked 
|  61|0x0000000783d00000, 0x0000000783d00000, 0x0000000783e00000|  0%| F|  |TAMS 0x0000000783d00000, 0x0000000783d00000| Untracked 
|  62|0x0000000783e00000, 0x0000000783e00000, 0x0000000783f00000|  0%| F|  |TAMS 0x0000000783e00000, 0x0000000783e00000| Untracked 
|  63|0x0000000783f00000, 0x0000000783f00000, 0x0000000784000000|  0%| F|  |TAMS 0x0000000783f00000, 0x0000000783f00000| Untracked 
|  64|0x0000000784000000, 0x0000000784000000, 0x0000000784100000|  0%| F|  |TAMS 0x0000000784000000, 0x0000000784000000| Untracked 
|  65|0x0000000784100000, 0x0000000784100000, 0x0000000784200000|  0%| F|  |TAMS 0x0000000784100000, 0x0000000784100000| Untracked 
|  66|0x0000000784200000, 0x0000000784200000, 0x0000000784300000|  0%| F|  |TAMS 0x0000000784200000, 0x0000000784200000| Untracked 
|  67|0x0000000784300000, 0x0000000784300000, 0x0000000784400000|  0%| F|  |TAMS 0x0000000784300000, 0x0000000784300000| Untracked 
|  68|0x0000000784400000, 0x0000000784400000, 0x0000000784500000|  0%| F|  |TAMS 0x0000000784400000, 0x0000000784400000| Untracked 
|  69|0x0000000784500000, 0x0000000784500000, 0x0000000784600000|  0%| F|  |TAMS 0x0000000784500000, 0x0000000784500000| Untracked 
|  70|0x0000000784600000, 0x0000000784600000, 0x0000000784700000|  0%| F|  |TAMS 0x0000000784600000, 0x0000000784600000| Untracked 
|  71|0x0000000784700000, 0x0000000784700000, 0x0000000784800000|  0%| F|  |TAMS 0x0000000784700000, 0x0000000784700000| Untracked 
|  72|0x0000000784800000, 0x0000000784800000, 0x0000000784900000|  0%| F|  |TAMS 0x0000000784800000, 0x0000000784800000| Untracked 
|  73|0x0000000784900000, 0x0000000784900000, 0x0000000784a00000|  0%| F|  |TAMS 0x0000000784900000, 0x0000000784900000| Untracked 
|  74|0x0000000784a00000, 0x0000000784a00000, 0x0000000784b00000|  0%| F|  |TAMS 0x0000000784a00000, 0x0000000784a00000| Untracked 
|  75|0x0000000784b00000, 0x0000000784b00000, 0x0000000784c00000|  0%| F|  |TAMS 0x0000000784b00000, 0x0000000784b00000| Untracked 
|  76|0x0000000784c00000, 0x0000000784c00000, 0x0000000784d00000|  0%| F|  |TAMS 0x0000000784c00000, 0x0000000784c00000| Untracked 
|  77|0x0000000784d00000, 0x0000000784d00000, 0x0000000784e00000|  0%| F|  |TAMS 0x0000000784d00000, 0x0000000784d00000| Untracked 
|  78|0x0000000784e00000, 0x0000000784e00000, 0x0000000784f00000|  0%| F|  |TAMS 0x0000000784e00000, 0x0000000784e00000| Untracked 
|  79|0x0000000784f00000, 0x0000000784f00000, 0x0000000785000000|  0%| F|  |TAMS 0x0000000784f00000, 0x0000000784f00000| Untracked 
|  80|0x0000000785000000, 0x0000000785000000, 0x0000000785100000|  0%| F|  |TAMS 0x0000000785000000, 0x0000000785000000| Untracked 
|  81|0x0000000785100000, 0x0000000785100000, 0x0000000785200000|  0%| F|  |TAMS 0x0000000785100000, 0x0000000785100000| Untracked 
|  82|0x0000000785200000, 0x0000000785200000, 0x0000000785300000|  0%| F|  |TAMS 0x0000000785200000, 0x0000000785200000| Untracked 
|  83|0x0000000785300000, 0x0000000785300000, 0x0000000785400000|  0%| F|  |TAMS 0x0000000785300000, 0x0000000785300000| Untracked 
|  84|0x0000000785400000, 0x0000000785400000, 0x0000000785500000|  0%| F|  |TAMS 0x0000000785400000, 0x0000000785400000| Untracked 
|  85|0x0000000785500000, 0x0000000785500000, 0x0000000785600000|  0%| F|  |TAMS 0x0000000785500000, 0x0000000785500000| Untracked 
|  86|0x0000000785600000, 0x0000000785600000, 0x0000000785700000|  0%| F|  |TAMS 0x0000000785600000, 0x0000000785600000| Untracked 
|  87|0x0000000785700000, 0x0000000785700000, 0x0000000785800000|  0%| F|  |TAMS 0x0000000785700000, 0x0000000785700000| Untracked 
|  88|0x0000000785800000, 0x0000000785800000, 0x0000000785900000|  0%| F|  |TAMS 0x0000000785800000, 0x0000000785800000| Untracked 
|  89|0x0000000785900000, 0x0000000785900000, 0x0000000785a00000|  0%| F|  |TAMS 0x0000000785900000, 0x0000000785900000| Untracked 
|  90|0x0000000785a00000, 0x0000000785a00000, 0x0000000785b00000|  0%| F|  |TAMS 0x0000000785a00000, 0x0000000785a00000| Untracked 
|  91|0x0000000785b00000, 0x0000000785b00000, 0x0000000785c00000|  0%| F|  |TAMS 0x0000000785b00000, 0x0000000785b00000| Untracked 
|  92|0x0000000785c00000, 0x0000000785c00000, 0x0000000785d00000|  0%| F|  |TAMS 0x0000000785c00000, 0x0000000785c00000| Untracked 
|  93|0x0000000785d00000, 0x0000000785d00000, 0x0000000785e00000|  0%| F|  |TAMS 0x0000000785d00000, 0x0000000785d00000| Untracked 
|  94|0x0000000785e00000, 0x0000000785e00000, 0x0000000785f00000|  0%| F|  |TAMS 0x0000000785e00000, 0x0000000785e00000| Untracked 
|  95|0x0000000785f00000, 0x0000000785f00000, 0x0000000786000000|  0%| F|  |TAMS 0x0000000785f00000, 0x0000000785f00000| Untracked 
|  96|0x0000000786000000, 0x0000000786000000, 0x0000000786100000|  0%| F|  |TAMS 0x0000000786000000, 0x0000000786000000| Untracked 
|  97|0x0000000786100000, 0x0000000786100000, 0x0000000786200000|  0%| F|  |TAMS 0x0000000786100000, 0x0000000786100000| Untracked 
|  98|0x0000000786200000, 0x0000000786200000, 0x0000000786300000|  0%| F|  |TAMS 0x0000000786200000, 0x0000000786200000| Untracked 
|  99|0x0000000786300000, 0x0000000786300000, 0x0000000786400000|  0%| F|  |TAMS 0x0000000786300000, 0x0000000786300000| Untracked 
| 100|0x0000000786400000, 0x0000000786400000, 0x0000000786500000|  0%| F|  |TAMS 0x0000000786400000, 0x0000000786400000| Untracked 
| 101|0x0000000786500000, 0x0000000786500000, 0x0000000786600000|  0%| F|  |TAMS 0x0000000786500000, 0x0000000786500000| Untracked 
| 102|0x0000000786600000, 0x0000000786600000, 0x0000000786700000|  0%| F|  |TAMS 0x0000000786600000, 0x0000000786600000| Untracked 
| 103|0x0000000786700000, 0x0000000786700000, 0x0000000786800000|  0%| F|  |TAMS 0x0000000786700000, 0x0000000786700000| Untracked 
| 104|0x0000000786800000, 0x0000000786800000, 0x0000000786900000|  0%| F|  |TAMS 0x0000000786800000, 0x0000000786800000| Untracked 
| 105|0x0000000786900000, 0x0000000786900000, 0x0000000786a00000|  0%| F|  |TAMS 0x0000000786900000, 0x0000000786900000| Untracked 
| 106|0x0000000786a00000, 0x0000000786a00000, 0x0000000786b00000|  0%| F|  |TAMS 0x0000000786a00000, 0x0000000786a00000| Untracked 
| 107|0x0000000786b00000, 0x0000000786b00000, 0x0000000786c00000|  0%| F|  |TAMS 0x0000000786b00000, 0x0000000786b00000| Untracked 
| 108|0x0000000786c00000, 0x0000000786d00000, 0x0000000786d00000|100%| S|CS|TAMS 0x0000000786c00000, 0x0000000786c00000| Complete 
| 109|0x0000000786d00000, 0x0000000786e00000, 0x0000000786e00000|100%| S|CS|TAMS 0x0000000786d00000, 0x0000000786d00000| Complete 
| 110|0x0000000786e00000, 0x0000000786f00000, 0x0000000786f00000|100%| S|CS|TAMS 0x0000000786e00000, 0x0000000786e00000| Complete 
| 111|0x0000000786f00000, 0x0000000787000000, 0x0000000787000000|100%| S|CS|TAMS 0x0000000786f00000, 0x0000000786f00000| Complete 
| 112|0x0000000787000000, 0x0000000787100000, 0x0000000787100000|100%| S|CS|TAMS 0x0000000787000000, 0x0000000787000000| Complete 
| 113|0x0000000787100000, 0x0000000787200000, 0x0000000787200000|100%| S|CS|TAMS 0x0000000787100000, 0x0000000787100000| Complete 
| 114|0x0000000787200000, 0x0000000787300000, 0x0000000787300000|100%| S|CS|TAMS 0x0000000787200000, 0x0000000787200000| Complete 
| 115|0x0000000787300000, 0x0000000787400000, 0x0000000787400000|100%| S|CS|TAMS 0x0000000787300000, 0x0000000787300000| Complete 
| 116|0x0000000787400000, 0x0000000787400000, 0x0000000787500000|  0%| F|  |TAMS 0x0000000787400000, 0x0000000787400000| Untracked 
| 117|0x0000000787500000, 0x0000000787500000, 0x0000000787600000|  0%| F|  |TAMS 0x0000000787500000, 0x0000000787500000| Untracked 
| 118|0x0000000787600000, 0x0000000787600000, 0x0000000787700000|  0%| F|  |TAMS 0x0000000787600000, 0x0000000787600000| Untracked 
| 119|0x0000000787700000, 0x0000000787700000, 0x0000000787800000|  0%| F|  |TAMS 0x0000000787700000, 0x0000000787700000| Untracked 
| 120|0x0000000787800000, 0x0000000787800000, 0x0000000787900000|  0%| F|  |TAMS 0x0000000787800000, 0x0000000787800000| Untracked 
| 121|0x0000000787900000, 0x0000000787900000, 0x0000000787a00000|  0%| F|  |TAMS 0x0000000787900000, 0x0000000787900000| Untracked 
| 122|0x0000000787a00000, 0x0000000787a00000, 0x0000000787b00000|  0%| F|  |TAMS 0x0000000787a00000, 0x0000000787a00000| Untracked 
| 123|0x0000000787b00000, 0x0000000787b00000, 0x0000000787c00000|  0%| F|  |TAMS 0x0000000787b00000, 0x0000000787b00000| Untracked 
| 124|0x0000000787c00000, 0x0000000787c00000, 0x0000000787d00000|  0%| F|  |TAMS 0x0000000787c00000, 0x0000000787c00000| Untracked 
| 125|0x0000000787d00000, 0x0000000787d00000, 0x0000000787e00000|  0%| F|  |TAMS 0x0000000787d00000, 0x0000000787d00000| Untracked 
| 126|0x0000000787e00000, 0x0000000787e00000, 0x0000000787f00000|  0%| F|  |TAMS 0x0000000787e00000, 0x0000000787e00000| Untracked 
| 127|0x0000000787f00000, 0x0000000787f00000, 0x0000000788000000|  0%| F|  |TAMS 0x0000000787f00000, 0x0000000787f00000| Untracked 
| 128|0x0000000788000000, 0x0000000788000000, 0x0000000788100000|  0%| F|  |TAMS 0x0000000788000000, 0x0000000788000000| Untracked 
| 129|0x0000000788100000, 0x0000000788100000, 0x0000000788200000|  0%| F|  |TAMS 0x0000000788100000, 0x0000000788100000| Untracked 
| 130|0x0000000788200000, 0x0000000788200000, 0x0000000788300000|  0%| F|  |TAMS 0x0000000788200000, 0x0000000788200000| Untracked 
| 131|0x0000000788300000, 0x0000000788300000, 0x0000000788400000|  0%| F|  |TAMS 0x0000000788300000, 0x0000000788300000| Untracked 
| 132|0x0000000788400000, 0x0000000788400000, 0x0000000788500000|  0%| F|  |TAMS 0x0000000788400000, 0x0000000788400000| Untracked 
| 133|0x0000000788500000, 0x0000000788500000, 0x0000000788600000|  0%| F|  |TAMS 0x0000000788500000, 0x0000000788500000| Untracked 
| 134|0x0000000788600000, 0x0000000788600000, 0x0000000788700000|  0%| F|  |TAMS 0x0000000788600000, 0x0000000788600000| Untracked 
| 135|0x0000000788700000, 0x0000000788700000, 0x0000000788800000|  0%| F|  |TAMS 0x0000000788700000, 0x0000000788700000| Untracked 
| 136|0x0000000788800000, 0x0000000788800000, 0x0000000788900000|  0%| F|  |TAMS 0x0000000788800000, 0x0000000788800000| Untracked 
| 137|0x0000000788900000, 0x0000000788900000, 0x0000000788a00000|  0%| F|  |TAMS 0x0000000788900000, 0x0000000788900000| Untracked 
| 138|0x0000000788a00000, 0x0000000788a00000, 0x0000000788b00000|  0%| F|  |TAMS 0x0000000788a00000, 0x0000000788a00000| Untracked 
| 139|0x0000000788b00000, 0x0000000788b00000, 0x0000000788c00000|  0%| F|  |TAMS 0x0000000788b00000, 0x0000000788b00000| Untracked 
| 140|0x0000000788c00000, 0x0000000788c00000, 0x0000000788d00000|  0%| F|  |TAMS 0x0000000788c00000, 0x0000000788c00000| Untracked 
| 141|0x0000000788d00000, 0x0000000788d00000, 0x0000000788e00000|  0%| F|  |TAMS 0x0000000788d00000, 0x0000000788d00000| Untracked 
| 142|0x0000000788e00000, 0x0000000788e00000, 0x0000000788f00000|  0%| F|  |TAMS 0x0000000788e00000, 0x0000000788e00000| Untracked 
| 143|0x0000000788f00000, 0x0000000788f00000, 0x0000000789000000|  0%| F|  |TAMS 0x0000000788f00000, 0x0000000788f00000| Untracked 
| 144|0x0000000789000000, 0x0000000789000000, 0x0000000789100000|  0%| F|  |TAMS 0x0000000789000000, 0x0000000789000000| Untracked 
| 145|0x0000000789100000, 0x0000000789100000, 0x0000000789200000|  0%| F|  |TAMS 0x0000000789100000, 0x0000000789100000| Untracked 
| 146|0x0000000789200000, 0x0000000789200000, 0x0000000789300000|  0%| F|  |TAMS 0x0000000789200000, 0x0000000789200000| Untracked 
| 147|0x0000000789300000, 0x0000000789300000, 0x0000000789400000|  0%| F|  |TAMS 0x0000000789300000, 0x0000000789300000| Untracked 
| 148|0x0000000789400000, 0x0000000789400000, 0x0000000789500000|  0%| F|  |TAMS 0x0000000789400000, 0x0000000789400000| Untracked 
| 149|0x0000000789500000, 0x0000000789500000, 0x0000000789600000|  0%| F|  |TAMS 0x0000000789500000, 0x0000000789500000| Untracked 
| 150|0x0000000789600000, 0x0000000789600000, 0x0000000789700000|  0%| F|  |TAMS 0x0000000789600000, 0x0000000789600000| Untracked 
| 151|0x0000000789700000, 0x0000000789700000, 0x0000000789800000|  0%| F|  |TAMS 0x0000000789700000, 0x0000000789700000| Untracked 
| 152|0x0000000789800000, 0x0000000789800000, 0x0000000789900000|  0%| F|  |TAMS 0x0000000789800000, 0x0000000789800000| Untracked 
| 153|0x0000000789900000, 0x0000000789900000, 0x0000000789a00000|  0%| F|  |TAMS 0x0000000789900000, 0x0000000789900000| Untracked 
| 154|0x0000000789a00000, 0x0000000789b00000, 0x0000000789b00000|100%| E|  |TAMS 0x0000000789a00000, 0x0000000789a00000| Complete 
| 155|0x0000000789b00000, 0x0000000789c00000, 0x0000000789c00000|100%| E|CS|TAMS 0x0000000789b00000, 0x0000000789b00000| Complete 
| 156|0x0000000789c00000, 0x0000000789d00000, 0x0000000789d00000|100%| E|CS|TAMS 0x0000000789c00000, 0x0000000789c00000| Complete 
| 157|0x0000000789d00000, 0x0000000789e00000, 0x0000000789e00000|100%| E|CS|TAMS 0x0000000789d00000, 0x0000000789d00000| Complete 
| 158|0x0000000789e00000, 0x0000000789f00000, 0x0000000789f00000|100%| E|CS|TAMS 0x0000000789e00000, 0x0000000789e00000| Complete 
| 159|0x0000000789f00000, 0x000000078a000000, 0x000000078a000000|100%| E|  |TAMS 0x0000000789f00000, 0x0000000789f00000| Complete 
| 160|0x000000078a000000, 0x000000078a100000, 0x000000078a100000|100%| E|CS|TAMS 0x000000078a000000, 0x000000078a000000| Complete 
| 161|0x000000078a100000, 0x000000078a200000, 0x000000078a200000|100%| E|CS|TAMS 0x000000078a100000, 0x000000078a100000| Complete 
| 162|0x000000078a200000, 0x000000078a300000, 0x000000078a300000|100%| E|CS|TAMS 0x000000078a200000, 0x000000078a200000| Complete 
| 163|0x000000078a300000, 0x000000078a400000, 0x000000078a400000|100%| E|CS|TAMS 0x000000078a300000, 0x000000078a300000| Complete 
| 164|0x000000078a400000, 0x000000078a500000, 0x000000078a500000|100%| E|CS|TAMS 0x000000078a400000, 0x000000078a400000| Complete 
| 165|0x000000078a500000, 0x000000078a600000, 0x000000078a600000|100%| E|CS|TAMS 0x000000078a500000, 0x000000078a500000| Complete 
| 166|0x000000078a600000, 0x000000078a700000, 0x000000078a700000|100%| E|CS|TAMS 0x000000078a600000, 0x000000078a600000| Complete 
| 167|0x000000078a700000, 0x000000078a800000, 0x000000078a800000|100%| E|CS|TAMS 0x000000078a700000, 0x000000078a700000| Complete 
| 168|0x000000078a800000, 0x000000078a900000, 0x000000078a900000|100%| E|CS|TAMS 0x000000078a800000, 0x000000078a800000| Complete 
| 169|0x000000078a900000, 0x000000078aa00000, 0x000000078aa00000|100%| E|CS|TAMS 0x000000078a900000, 0x000000078a900000| Complete 
| 170|0x000000078aa00000, 0x000000078ab00000, 0x000000078ab00000|100%| E|CS|TAMS 0x000000078aa00000, 0x000000078aa00000| Complete 
| 171|0x000000078ab00000, 0x000000078ac00000, 0x000000078ac00000|100%| E|CS|TAMS 0x000000078ab00000, 0x000000078ab00000| Complete 
| 172|0x000000078ac00000, 0x000000078ad00000, 0x000000078ad00000|100%| E|CS|TAMS 0x000000078ac00000, 0x000000078ac00000| Complete 
| 173|0x000000078ad00000, 0x000000078ae00000, 0x000000078ae00000|100%| E|CS|TAMS 0x000000078ad00000, 0x000000078ad00000| Complete 
| 174|0x000000078ae00000, 0x000000078af00000, 0x000000078af00000|100%| E|CS|TAMS 0x000000078ae00000, 0x000000078ae00000| Complete 
| 175|0x000000078af00000, 0x000000078b000000, 0x000000078b000000|100%| E|CS|TAMS 0x000000078af00000, 0x000000078af00000| Complete 
| 176|0x000000078b000000, 0x000000078b100000, 0x000000078b100000|100%| E|CS|TAMS 0x000000078b000000, 0x000000078b000000| Complete 
| 177|0x000000078b100000, 0x000000078b200000, 0x000000078b200000|100%| E|CS|TAMS 0x000000078b100000, 0x000000078b100000| Complete 
| 178|0x000000078b200000, 0x000000078b300000, 0x000000078b300000|100%| E|CS|TAMS 0x000000078b200000, 0x000000078b200000| Complete 
| 179|0x000000078b300000, 0x000000078b400000, 0x000000078b400000|100%| E|CS|TAMS 0x000000078b300000, 0x000000078b300000| Complete 
| 180|0x000000078b400000, 0x000000078b500000, 0x000000078b500000|100%| E|CS|TAMS 0x000000078b400000, 0x000000078b400000| Complete 
| 181|0x000000078b500000, 0x000000078b600000, 0x000000078b600000|100%| E|CS|TAMS 0x000000078b500000, 0x000000078b500000| Complete 
| 182|0x000000078b600000, 0x000000078b700000, 0x000000078b700000|100%| E|CS|TAMS 0x000000078b600000, 0x000000078b600000| Complete 
| 183|0x000000078b700000, 0x000000078b800000, 0x000000078b800000|100%| E|CS|TAMS 0x000000078b700000, 0x000000078b700000| Complete 
| 184|0x000000078b800000, 0x000000078b900000, 0x000000078b900000|100%| E|CS|TAMS 0x000000078b800000, 0x000000078b800000| Complete 
| 185|0x000000078b900000, 0x000000078ba00000, 0x000000078ba00000|100%| E|CS|TAMS 0x000000078b900000, 0x000000078b900000| Complete 
| 186|0x000000078ba00000, 0x000000078bb00000, 0x000000078bb00000|100%| E|CS|TAMS 0x000000078ba00000, 0x000000078ba00000| Complete 
| 187|0x000000078bb00000, 0x000000078bc00000, 0x000000078bc00000|100%| E|CS|TAMS 0x000000078bb00000, 0x000000078bb00000| Complete 
| 188|0x000000078bc00000, 0x000000078bd00000, 0x000000078bd00000|100%| E|CS|TAMS 0x000000078bc00000, 0x000000078bc00000| Complete 
| 189|0x000000078bd00000, 0x000000078be00000, 0x000000078be00000|100%| E|CS|TAMS 0x000000078bd00000, 0x000000078bd00000| Complete 
| 190|0x000000078be00000, 0x000000078bf00000, 0x000000078bf00000|100%| E|CS|TAMS 0x000000078be00000, 0x000000078be00000| Complete 
| 191|0x000000078bf00000, 0x000000078c000000, 0x000000078c000000|100%| E|CS|TAMS 0x000000078bf00000, 0x000000078bf00000| Complete 

Card table byte_map: [0x0000000109635000,0x0000000109a35000] _byte_map_base: 0x0000000105a35000

Marking Bits (Prev, Next): (CMBitMap*) 0x00007fefa6823018, (CMBitMap*) 0x00007fefa6823050
 Prev Bits: [0x0000000109e35000, 0x000000010be35000)
 Next Bits: [0x000000010be35000, 0x000000010de35000)

Polling page: 0x00000001041a4000

Metaspace:

Usage:
  Non-class:     34.18 MB capacity,    33.60 MB ( 98%) used,   514.98 KB (  1%) free+waste,    74.69 KB ( <1%) overhead. 
      Class:      5.19 MB capacity,     4.89 MB ( 94%) used,   277.15 KB (  5%) free+waste,    35.31 KB ( <1%) overhead. 
       Both:     39.37 MB capacity,    38.49 MB ( 98%) used,   792.12 KB (  2%) free+waste,   110.00 KB ( <1%) overhead. 

Virtual space:
  Non-class space:       36.00 MB reserved,      34.50 MB ( 96%) committed 
      Class space:        1.00 GB reserved,       5.25 MB ( <1%) committed 
             Both:        1.04 GB reserved,      39.75 MB (  4%) committed 

Chunk freelists:
   Non-Class:  248.00 KB
       Class:  29.00 KB
        Both:  277.00 KB

MaxMetaspaceSize: unlimited
CompressedClassSpaceSize: 1.00 GB

CodeHeap 'non-profiled nmethods': size=120032Kb used=1326Kb max_used=1326Kb free=118705Kb
 bounds [0x000000011b90d000, 0x000000011bb7d000, 0x0000000122e45000]
CodeHeap 'profiled nmethods': size=120032Kb used=5828Kb max_used=5828Kb free=114203Kb
 bounds [0x00000001143d5000, 0x0000000114995000, 0x000000011b90d000]
CodeHeap 'non-nmethods': size=5696Kb used=2168Kb max_used=2197Kb free=3527Kb
 bounds [0x0000000113e45000, 0x00000001140b5000, 0x00000001143d5000]
 total_blobs=3487 nmethods=2758 adapters=641
 compilation: enabled
              stopped_count=0, restarted_count=0
 full_count=0

Compilation events (20 events):
Event: 7.567 Thread 0x00007fefa5817800 nmethod 2944 0x0000000114980e90 code [0x0000000114981040, 0x0000000114981200]
Event: 7.570 Thread 0x00007fefa5817800 2945       3       java.lang.invoke.LambdaForm$Name::cloneWithIndex (47 bytes)
Event: 7.571 Thread 0x00007fefa5817800 nmethod 2945 0x0000000114981310 code [0x0000000114981500, 0x0000000114981a60]
Event: 7.574 Thread 0x00007fefa5817800 2946       3       java.lang.invoke.InvokerBytecodeGenerator::assertStaticType (58 bytes)
Event: 7.575 Thread 0x00007fefa5817800 nmethod 2946 0x0000000114981c10 code [0x0000000114981e00, 0x00000001149822f0]
Event: 7.579 Thread 0x00007fefa5814800 2955       4       jdk.internal.org.objectweb.asm.Frame::execute (2264 bytes)
Event: 7.579 Thread 0x00007fefa5817800 2952       3       java.lang.invoke.MemberName::isProtected (8 bytes)
Event: 7.580 Thread 0x00007fefa5817800 nmethod 2952 0x0000000114982510 code [0x00000001149826c0, 0x0000000114982870]
Event: 7.580 Thread 0x00007fefa5817800 2953       3       java.lang.invoke.MemberName::<init> (25 bytes)
Event: 7.580 Thread 0x00007fefa5817800 nmethod 2953 0x0000000114982910 code [0x0000000114982ae0, 0x0000000114982d00]
Event: 7.581 Thread 0x00007fefa5817800 2957       3       org.codehaus.groovy.reflection.CachedField::getModifiers (8 bytes)
Event: 7.581 Thread 0x00007fefa5817800 nmethod 2957 0x0000000114982e10 code [0x0000000114982fc0, 0x00000001149830d0]
Event: 7.581 Thread 0x00007fefa5817800 2959       3       org.codehaus.groovy.reflection.CachedMethod$MyComparator::compare (43 bytes)
Event: 7.582 Thread 0x00007fefa5817800 nmethod 2959 0x0000000114983190 code [0x0000000114983400, 0x0000000114984280]
Event: 7.582 Thread 0x00007fefa5817800 2958       3       org.codehaus.groovy.util.ComplexKeyHashMap$1::next (5 bytes)
Event: 7.582 Thread 0x00007fefa5817800 nmethod 2958 0x0000000114984510 code [0x00000001149846c0, 0x0000000114984800]
Event: 7.590 Thread 0x00007fefa5817800 2960       3       org.codehaus.groovy.reflection.CachedMethod::compareToMethod (125 bytes)
Event: 7.592 Thread 0x00007fefa5817800 nmethod 2960 0x0000000114984890 code [0x0000000114984b60, 0x00000001149859c0]
Event: 7.592 Thread 0x00007fefa5817800 2961       3       groovy.lang.MetaClassImpl::establishStaticMetaProperty (262 bytes)
Event: 7.594 Thread 0x00007fefa5817800 nmethod 2961 0x0000000114985f90 code [0x0000000114986260, 0x00000001149878f0]

GC Heap History (14 events):
Event: 0.755 GC heap before
{Heap before GC invocations=0 (full 0):
 garbage-first heap   total 163840K, used 19456K [0x0000000780000000, 0x0000000800000000)
  region size 1024K, 14 young (14336K), 0 survivors (0K)
 Metaspace       used 7358K, capacity 7551K, committed 7680K, reserved 1056768K
  class space    used 682K, capacity 748K, committed 768K, reserved 1048576K
}
Event: 0.761 GC heap after
{Heap after GC invocations=1 (full 0):
 garbage-first heap   total 163840K, used 7682K [0x0000000780000000, 0x0000000800000000)
  region size 1024K, 2 young (2048K), 2 survivors (2048K)
 Metaspace       used 7358K, capacity 7551K, committed 7680K, reserved 1056768K
  class space    used 682K, capacity 748K, committed 768K, reserved 1048576K
}
Event: 1.213 GC heap before
{Heap before GC invocations=1 (full 0):
 garbage-first heap   total 163840K, used 18946K [0x0000000780000000, 0x0000000800000000)
  region size 1024K, 13 young (13312K), 2 survivors (2048K)
 Metaspace       used 10690K, capacity 10951K, committed 11264K, reserved 1058816K
  class space    used 1135K, capacity 1201K, committed 1280K, reserved 1048576K
}
Event: 1.217 GC heap after
{Heap after GC invocations=2 (full 0):
 garbage-first heap   total 163840K, used 8600K [0x0000000780000000, 0x0000000800000000)
  region size 1024K, 1 young (1024K), 1 survivors (1024K)
 Metaspace       used 10690K, capacity 10951K, committed 11264K, reserved 1058816K
  class space    used 1135K, capacity 1201K, committed 1280K, reserved 1048576K
}
Event: 1.923 GC heap before
{Heap before GC invocations=2 (full 0):
 garbage-first heap   total 163840K, used 36248K [0x0000000780000000, 0x0000000800000000)
  region size 1024K, 29 young (29696K), 1 survivors (1024K)
 Metaspace       used 11140K, capacity 11424K, committed 11520K, reserved 1058816K
  class space    used 1196K, capacity 1273K, committed 1280K, reserved 1048576K
}
Event: 1.929 GC heap after
{Heap after GC invocations=3 (full 0):
 garbage-first heap   total 163840K, used 13105K [0x0000000780000000, 0x0000000800000000)
  region size 1024K, 4 young (4096K), 4 survivors (4096K)
 Metaspace       used 11140K, capacity 11424K, committed 11520K, reserved 1058816K
  class space    used 1196K, capacity 1273K, committed 1280K, reserved 1048576K
}
Event: 3.387 GC heap before
{Heap before GC invocations=3 (full 0):
 garbage-first heap   total 163840K, used 53041K [0x0000000780000000, 0x0000000800000000)
  region size 1024K, 43 young (44032K), 4 survivors (4096K)
 Metaspace       used 19205K, capacity 19659K, committed 19968K, reserved 1067008K
  class space    used 2338K, capacity 2456K, committed 2560K, reserved 1048576K
}
Event: 3.395 GC heap after
{Heap after GC invocations=4 (full 0):
 garbage-first heap   total 163840K, used 15819K [0x0000000780000000, 0x0000000800000000)
  region size 1024K, 3 young (3072K), 3 survivors (3072K)
 Metaspace       used 19205K, capacity 19659K, committed 19968K, reserved 1067008K
  class space    used 2338K, capacity 2456K, committed 2560K, reserved 1048576K
}
Event: 3.595 GC heap before
{Heap before GC invocations=4 (full 0):
 garbage-first heap   total 163840K, used 22987K [0x0000000780000000, 0x0000000800000000)
  region size 1024K, 11 young (11264K), 3 survivors (3072K)
 Metaspace       used 20517K, capacity 21021K, committed 21248K, reserved 1067008K
  class space    used 2527K, capacity 2701K, committed 2816K, reserved 1048576K
}
Event: 3.600 GC heap after
{Heap after GC invocations=5 (full 0):
 garbage-first heap   total 163840K, used 16050K [0x0000000780000000, 0x0000000800000000)
  region size 1024K, 3 young (3072K), 3 survivors (3072K)
 Metaspace       used 20517K, capacity 21021K, committed 21248K, reserved 1067008K
  class space    used 2527K, capacity 2701K, committed 2816K, reserved 1048576K
}
Event: 4.917 GC heap before
{Heap before GC invocations=6 (full 0):
 garbage-first heap   total 163840K, used 72370K [0x0000000780000000, 0x0000000800000000)
  region size 1024K, 58 young (59392K), 3 survivors (3072K)
 Metaspace       used 26461K, capacity 27157K, committed 27520K, reserved 1073152K
  class space    used 3477K, capacity 3709K, committed 3712K, reserved 1048576K
}
Event: 4.929 GC heap after
{Heap after GC invocations=7 (full 0):
 garbage-first heap   total 163840K, used 18128K [0x0000000780000000, 0x0000000800000000)
  region size 1024K, 5 young (5120K), 5 survivors (5120K)
 Metaspace       used 26461K, capacity 27157K, committed 27520K, reserved 1073152K
  class space    used 3477K, capacity 3709K, committed 3712K, reserved 1048576K
}
Event: 6.266 GC heap before
{Heap before GC invocations=7 (full 0):
 garbage-first heap   total 163840K, used 62160K [0x0000000780000000, 0x0000000800000000)
  region size 1024K, 49 young (50176K), 5 survivors (5120K)
 Metaspace       used 34787K, capacity 35506K, committed 35840K, reserved 1081344K
  class space    used 4521K, capacity 4811K, committed 4864K, reserved 1048576K
}
Event: 6.283 GC heap after
{Heap after GC invocations=8 (full 0):
 garbage-first heap   total 196608K, used 21308K [0x0000000780000000, 0x0000000800000000)
  region size 1024K, 8 young (8192K), 8 survivors (8192K)
 Metaspace       used 34787K, capacity 35506K, committed 35840K, reserved 1081344K
  class space    used 4521K, capacity 4811K, committed 4864K, reserved 1048576K
}

Deoptimization events (20 events):
Event: 7.168 Thread 0x00007fefa5c88000 Uncommon trap: trap_request=0xffffff4d fr.pc=0x000000011b94cb90 relative=0x00000000000000d0
Event: 7.168 Thread 0x00007fefa5c88000 Uncommon trap: reason=unstable_if action=reinterpret pc=0x000000011b94cb90 method=java.util.HashMap.hash(Ljava/lang/Object;)I @ 1 c2
Event: 7.168 Thread 0x00007fefa5c88000 DEOPT PACKING pc=0x000000011b94cb90 sp=0x0000700008165ce0
Event: 7.168 Thread 0x00007fefa5c88000 DEOPT UNPACKING pc=0x0000000113e6b725 sp=0x0000700008165c40 mode 2
Event: 7.168 Thread 0x00007fefa5c88000 Uncommon trap: trap_request=0xffffff4d fr.pc=0x000000011ba04e0c relative=0x0000000000000f0c
Event: 7.168 Thread 0x00007fefa5c88000 Uncommon trap: reason=unstable_if action=reinterpret pc=0x000000011ba04e0c method=java.util.HashMap.putVal(ILjava/lang/Object;Ljava/lang/Object;ZZ)Ljava/lang/Object; @ 85 c2
Event: 7.168 Thread 0x00007fefa5c88000 DEOPT PACKING pc=0x000000011ba04e0c sp=0x0000700008165c20
Event: 7.168 Thread 0x00007fefa5c88000 DEOPT UNPACKING pc=0x0000000113e6b725 sp=0x0000700008165be8 mode 2
Event: 7.177 Thread 0x00007fefa5c88000 Uncommon trap: trap_request=0xffffff4d fr.pc=0x000000011ba33208 relative=0x0000000000000328
Event: 7.177 Thread 0x00007fefa5c88000 Uncommon trap: reason=unstable_if action=reinterpret pc=0x000000011ba33208 method=org.gradle.internal.reflect.PropertyAccessorType.isGetGetterName(Ljava/lang/String;)Z @ 14 c2
Event: 7.178 Thread 0x00007fefa5c88000 DEOPT PACKING pc=0x000000011ba33208 sp=0x0000700008166280
Event: 7.178 Thread 0x00007fefa5c88000 DEOPT UNPACKING pc=0x0000000113e6b725 sp=0x00007000081661e0 mode 2
Event: 7.226 Thread 0x00007fefa5c88000 Uncommon trap: trap_request=0xffffff4d fr.pc=0x000000011ba0128c relative=0x00000000000000ec
Event: 7.226 Thread 0x00007fefa5c88000 Uncommon trap: reason=unstable_if action=reinterpret pc=0x000000011ba0128c method=org.objectweb.asm.ByteVector.putShort(I)Lorg/objectweb/asm/ByteVector; @ 13 c2
Event: 7.226 Thread 0x00007fefa5c88000 DEOPT PACKING pc=0x000000011ba0128c sp=0x0000700008166170
Event: 7.226 Thread 0x00007fefa5c88000 DEOPT UNPACKING pc=0x0000000113e6b725 sp=0x0000700008166128 mode 2
Event: 7.258 Thread 0x00007fefa5c88000 DEOPT PACKING pc=0x00000001146fb429 sp=0x00007000081664c0
Event: 7.258 Thread 0x00007fefa5c88000 DEOPT UNPACKING pc=0x0000000113e6b53a sp=0x0000700008165a28 mode 0
Event: 7.295 Thread 0x00007fefa5c88000 DEOPT PACKING pc=0x0000000114715ea0 sp=0x0000700008164750
Event: 7.295 Thread 0x00007fefa5c88000 DEOPT UNPACKING pc=0x0000000113e6b53a sp=0x0000700008163c88 mode 0

Classes redefined (0 events):
No events

Internal exceptions (20 events):
Event: 6.447 Thread 0x00007fefa5c88000 Exception <a 'java/lang/ClassNotFoundException'{0x000000078bab2718}: org/gradle/api/internal/project/AbstractPluginAwareCustomizer> (0x000000078bab2718) thrown at [./src/hotspot/share/classfile/systemDictionary.cpp, line 231]
Event: 6.449 Thread 0x00007fefa5c88000 Exception <a 'java/lang/ClassNotFoundException'{0x000000078bad6300}: org/gradle/initialization/DefaultSettingsCustomizer> (0x000000078bad6300) thrown at [./src/hotspot/share/classfile/systemDictionary.cpp, line 231]
Event: 6.485 Thread 0x00007fefa5c88000 Exception <a 'java/lang/ClassNotFoundException'{0x000000078b93a140}: org/gradle/initialization/DefaultSettings_DecoratedCustomizer> (0x000000078b93a140) thrown at [./src/hotspot/share/classfile/systemDictionary.cpp, line 231]
Event: 6.503 Thread 0x00007fefa5c88000 Exception <a 'java/lang/ClassNotFoundException'{0x000000078b9dc3d8}: org/gradle/initialization/DefaultProjectDescriptorBeanInfo> (0x000000078b9dc3d8) thrown at [./src/hotspot/share/classfile/systemDictionary.cpp, line 231]
Event: 6.504 Thread 0x00007fefa5c88000 Exception <a 'java/lang/ClassNotFoundException'{0x000000078b9fad38}: org/gradle/initialization/DefaultProjectDescriptorCustomizer> (0x000000078b9fad38) thrown at [./src/hotspot/share/classfile/systemDictionary.cpp, line 231]
Event: 6.614 Thread 0x00007fefa5c88000 Implicit null exception at 0x000000011ba17a6c to 0x000000011ba17b18
Event: 6.867 Thread 0x00007fefa67dc000 Exception <a 'java/lang/NoSuchMethodError'{0x000000078bf0db40}: <clinit>> (0x000000078bf0db40) thrown at [./src/hotspot/share/prims/jni.cpp, line 1362]
Event: 6.868 Thread 0x00007fefa67dc000 Exception <a 'java/lang/NoSuchMethodError'{0x000000078bf0f130}: <clinit>> (0x000000078bf0f130) thrown at [./src/hotspot/share/prims/jni.cpp, line 1362]
Event: 6.870 Thread 0x00007fefa67dc000 Exception <a 'java/lang/NoSuchMethodError'{0x000000078bf1dc38}: <clinit>> (0x000000078bf1dc38) thrown at [./src/hotspot/share/prims/jni.cpp, line 1362]
Event: 6.871 Thread 0x00007fefa67dc000 Exception <a 'java/lang/NoSuchMethodError'{0x000000078bf1fa88}: <clinit>> (0x000000078bf1fa88) thrown at [./src/hotspot/share/prims/jni.cpp, line 1362]
Event: 6.874 Thread 0x00007fefa67dc000 Exception <a 'java/lang/NoSuchMethodError'{0x000000078ac86d70}: <clinit>> (0x000000078ac86d70) thrown at [./src/hotspot/share/prims/jni.cpp, line 1362]
Event: 7.168 Thread 0x00007fefa5c88000 Implicit null exception at 0x000000011b94caf8 to 0x000000011b94cb86
Event: 7.538 Thread 0x00007fefa5c88000 Exception <a 'java/lang/ClassNotFoundException'{0x0000000789c5bbc8}: build_8yyb5ai898lv6as0ne4hk46adBeanInfo> (0x0000000789c5bbc8) thrown at [./src/hotspot/share/classfile/systemDictionary.cpp, line 231]
Event: 7.543 Thread 0x00007fefa5c88000 Exception <a 'java/lang/ClassNotFoundException'{0x0000000789c6c500}: org/gradle/api/internal/project/ProjectScriptBeanInfo> (0x0000000789c6c500) thrown at [./src/hotspot/share/classfile/systemDictionary.cpp, line 231]
Event: 7.545 Thread 0x00007fefa5c88000 Exception <a 'java/lang/ClassNotFoundException'{0x0000000789c7ce48}: org/gradle/api/internal/project/ProjectScriptCustomizer> (0x0000000789c7ce48) thrown at [./src/hotspot/share/classfile/systemDictionary.cpp, line 231]
Event: 7.549 Thread 0x00007fefa5c88000 Exception <a 'java/lang/ClassNotFoundException'{0x0000000789c95f18}: build_8yyb5ai898lv6as0ne4hk46adCustomizer> (0x0000000789c95f18) thrown at [./src/hotspot/share/classfile/systemDictionary.cpp, line 231]
Event: 7.561 Thread 0x00007fefa5c88000 Exception <a 'java/lang/ClassNotFoundException'{0x0000000789ce5ec8}: groovy/lang/Closure$1BeanInfo> (0x0000000789ce5ec8) thrown at [./src/hotspot/share/classfile/systemDictionary.cpp, line 231]
Event: 7.562 Thread 0x00007fefa5c88000 Exception <a 'java/lang/ClassNotFoundException'{0x0000000789cfee10}: groovy/lang/ClosureBeanInfo> (0x0000000789cfee10) thrown at [./src/hotspot/share/classfile/systemDictionary.cpp, line 231]
Event: 7.563 Thread 0x00007fefa5c88000 Exception <a 'java/lang/ClassNotFoundException'{0x0000000789b182a8}: groovy/lang/ClosureCustomizer> (0x0000000789b182a8) thrown at [./src/hotspot/share/classfile/systemDictionary.cpp, line 231]
Event: 7.567 Thread 0x00007fefa5c88000 Exception <a 'java/lang/ClassNotFoundException'{0x0000000789b4ecf8}: groovy/lang/Closure$1Customizer> (0x0000000789b4ecf8) thrown at [./src/hotspot/share/classfile/systemDictionary.cpp, line 231]

Events (20 events):
Event: 7.596 loading class org/codehaus/groovy/runtime/callsite/PlainObjectMetaMethodSite
Event: 7.596 loading class org/codehaus/groovy/runtime/callsite/PlainObjectMetaMethodSite done
Event: 7.596 loading class org/codehaus/groovy/runtime/callsite/MetaMethodSite
Event: 7.596 loading class org/codehaus/groovy/runtime/callsite/MetaMethodSite done
Event: 7.597 loading class org/codehaus/groovy/runtime/callsite/CallSiteGenerator
Event: 7.597 loading class org/codehaus/groovy/runtime/callsite/CallSiteGenerator done
Event: 7.601 loading class org/codehaus/groovy/classgen/asm/BytecodeHelper
Event: 7.601 loading class org/codehaus/groovy/classgen/asm/BytecodeHelper done
Event: 7.603 loading class org/codehaus/groovy/ast/decompiled/DecompiledClassNode
Event: 7.603 loading class org/codehaus/groovy/ast/decompiled/DecompiledClassNode done
Event: 7.608 loading class org/codehaus/groovy/runtime/callsite/GroovySunClassLoader
Event: 7.608 loading class org/codehaus/groovy/runtime/callsite/GroovySunClassLoader done
Event: 7.613 loading class org/codehaus/groovy/reflection/SunClassLoader
Event: 7.613 loading class org/codehaus/groovy/reflection/SunClassLoader done
Event: 7.618 loading class groovyjarjarasm/asm/ClassVisitor
Event: 7.618 loading class groovyjarjarasm/asm/ClassVisitor done
Event: 7.619 loading class groovyjarjarasm/asm/ClassWriter
Event: 7.619 loading class groovyjarjarasm/asm/ClassWriter done
Event: 7.621 loading class org/codehaus/groovy/runtime/callsite/GroovySunClassLoader$2
Event: 7.621 loading class org/codehaus/groovy/runtime/callsite/GroovySunClassLoader$2 done


Dynamic libraries:
0x00007fff2d769000 	/System/Library/Frameworks/Cocoa.framework/Versions/A/Cocoa
0x00007fff3afb9000 	/System/Library/Frameworks/Security.framework/Versions/A/Security
0x00007fff2c6cf000 	/System/Library/Frameworks/ApplicationServices.framework/Versions/A/ApplicationServices
0x00007fff67b9d000 	/usr/lib/libz.1.dylib
0x000000010413a000 	/Applications/Android Studio.app/Contents/jre/jdk/Contents/Home/lib/jli/libjli.dylib
0x00007fff655d3000 	/usr/lib/libSystem.B.dylib
0x00007fff2b8bf000 	/System/Library/Frameworks/AppKit.framework/Versions/C/AppKit
0x00007fff2e0ed000 	/System/Library/Frameworks/CoreData.framework/Versions/A/CoreData
0x00007fff30cfd000 	/System/Library/Frameworks/Foundation.framework/Versions/C/Foundation
0x00007fff5f5c0000 	/System/Library/PrivateFrameworks/UIFoundation.framework/Versions/A/UIFoundation
0x00007fff5a654000 	/System/Library/PrivateFrameworks/RemoteViewServices.framework/Versions/A/RemoteViewServices
0x00007fff62143000 	/System/Library/PrivateFrameworks/XCTTargetBootstrap.framework/Versions/A/XCTTargetBootstrap
0x00007fff2e4e9000 	/System/Library/Frameworks/CoreDisplay.framework/Versions/A/CoreDisplay
0x00007fff33bbc000 	/System/Library/Frameworks/Metal.framework/Versions/A/Metal
0x00007fff48652000 	/System/Library/PrivateFrameworks/DesktopServicesPriv.framework/Versions/A/DesktopServicesPriv
0x00007fff667a5000 	/usr/lib/liblangid.dylib
0x00007fff478e7000 	/System/Library/PrivateFrameworks/CoreSVG.framework/Versions/A/CoreSVG
0x00007fff5d7b0000 	/System/Library/PrivateFrameworks/SkyLight.framework/Versions/A/SkyLight
0x00007fff2ea9e000 	/System/Library/Frameworks/CoreGraphics.framework/Versions/A/CoreGraphics
0x00007fff2a22e000 	/System/Library/Frameworks/Accelerate.framework/Versions/A/Accelerate
0x00007fff67a8e000 	/usr/lib/libxml2.2.dylib
0x00007fff535dd000 	/System/Library/PrivateFrameworks/IconServices.framework/Versions/A/IconServices
0x00007fff314dc000 	/System/Library/Frameworks/IOSurface.framework/Versions/A/IOSurface
0x00007fff650fd000 	/usr/lib/libDiagnosticMessagesClient.dylib
0x00007fff484ac000 	/System/Library/PrivateFrameworks/DFRFoundation.framework/Versions/A/DFRFoundation
0x00007fff66534000 	/usr/lib/libicucore.A.dylib
0x00007fff2ca01000 	/System/Library/Frameworks/AudioToolbox.framework/Versions/A/AudioToolbox
0x00007fff2cae4000 	/System/Library/Frameworks/AudioUnit.framework/Versions/A/AudioUnit
0x00007fff6586b000 	/usr/lib/libauto.dylib
0x00007fff4854e000 	/System/Library/PrivateFrameworks/DataDetectorsCore.framework/Versions/A/DataDetectorsCore
0x00007fff2d28a000 	/System/Library/Frameworks/Carbon.framework/Versions/A/Frameworks/HIToolbox.framework/Versions/A/HIToolbox
0x00007fff3a1b3000 	/System/Library/Frameworks/QuartzCore.framework/Versions/A/QuartzCore
0x00007fff2d5c9000 	/System/Library/Frameworks/Carbon.framework/Versions/A/Frameworks/SpeechRecognition.framework/Versions/A/SpeechRecognition
0x00007fff47fc0000 	/System/Library/PrivateFrameworks/CoreUI.framework/Versions/A/CoreUI
0x00007fff2db58000 	/System/Library/Frameworks/CoreAudio.framework/Versions/A/CoreAudio
0x00007fff309bc000 	/System/Library/Frameworks/DiskArbitration.framework/Versions/A/DiskArbitration
0x00007fff5562d000 	/System/Library/PrivateFrameworks/MultitouchSupport.framework/Versions/A/MultitouchSupport
0x00007fff663fb000 	/usr/lib/libenergytrace.dylib
0x00007fff31436000 	/System/Library/Frameworks/IOKit.framework/Versions/A/IOKit
0x00007fff2fa28000 	/System/Library/Frameworks/CoreServices.framework/Versions/A/CoreServices
0x00007fff577e7000 	/System/Library/PrivateFrameworks/PerformanceAnalysis.framework/Versions/A/PerformanceAnalysis
0x00007fff391e6000 	/System/Library/Frameworks/OpenGL.framework/Versions/A/OpenGL
0x00007fff674ca000 	/usr/lib/libobjc.A.dylib
0x00007fff2d777000 	/System/Library/Frameworks/ColorSync.framework/Versions/A/ColorSync
0x00007fff2e61c000 	/System/Library/Frameworks/CoreFoundation.framework/Versions/A/CoreFoundation
0x00007fff2f144000 	/System/Library/Frameworks/CoreImage.framework/Versions/A/CoreImage
0x00007fff3049b000 	/System/Library/Frameworks/CoreText.framework/Versions/A/CoreText
0x00007fff3156c000 	/System/Library/Frameworks/ImageIO.framework/Versions/A/ImageIO
0x00007fff6594f000 	/usr/lib/libc++.1.dylib
0x00007fff659cb000 	/usr/lib/libcompression.dylib
0x00007fff65441000 	/usr/lib/libMobileGestalt.dylib
0x00007fff5f32a000 	/System/Library/PrivateFrameworks/TextureIO.framework/Versions/A/TextureIO
0x00007fff65738000 	/usr/lib/libate.dylib
0x00007fff537e6000 	/System/Library/PrivateFrameworks/InternationalSupport.framework/Versions/A/InternationalSupport
0x00007fff6845e000 	/usr/lib/system/libcache.dylib
0x00007fff68464000 	/usr/lib/system/libcommonCrypto.dylib
0x00007fff68470000 	/usr/lib/system/libcompiler_rt.dylib
0x00007fff68478000 	/usr/lib/system/libcopyfile.dylib
0x00007fff68482000 	/usr/lib/system/libcorecrypto.dylib
0x00007fff68621000 	/usr/lib/system/libdispatch.dylib
0x00007fff68662000 	/usr/lib/system/libdyld.dylib
0x00007fff68699000 	/usr/lib/system/libkeymgr.dylib
0x00007fff686a7000 	/usr/lib/system/liblaunch.dylib
0x00007fff686a8000 	/usr/lib/system/libmacho.dylib
0x00007fff686ae000 	/usr/lib/system/libquarantine.dylib
0x00007fff686b1000 	/usr/lib/system/libremovefile.dylib
0x00007fff686b3000 	/usr/lib/system/libsystem_asl.dylib
0x00007fff686cb000 	/usr/lib/system/libsystem_blocks.dylib
0x00007fff686cc000 	/usr/lib/system/libsystem_c.dylib
0x00007fff68754000 	/usr/lib/system/libsystem_configuration.dylib
0x00007fff68758000 	/usr/lib/system/libsystem_coreservices.dylib
0x00007fff6875c000 	/usr/lib/system/libsystem_darwin.dylib
0x00007fff68765000 	/usr/lib/system/libsystem_dnssd.dylib
0x00007fff6876d000 	/usr/lib/system/libsystem_featureflags.dylib
0x00007fff6876f000 	/usr/lib/system/libsystem_info.dylib
0x00007fff687ea000 	/usr/lib/system/libsystem_m.dylib
0x00007fff68836000 	/usr/lib/system/libsystem_malloc.dylib
0x00007fff6885e000 	/usr/lib/system/libsystem_networkextension.dylib
0x00007fff6886c000 	/usr/lib/system/libsystem_notify.dylib
0x00007fff6888a000 	/usr/lib/system/libsystem_sandbox.dylib
0x00007fff6888f000 	/usr/lib/system/libsystem_secinit.dylib
0x00007fff687bd000 	/usr/lib/system/libsystem_kernel.dylib
0x00007fff68876000 	/usr/lib/system/libsystem_platform.dylib
0x00007fff6887f000 	/usr/lib/system/libsystem_pthread.dylib
0x00007fff68892000 	/usr/lib/system/libsystem_symptoms.dylib
0x00007fff6889a000 	/usr/lib/system/libsystem_trace.dylib
0x00007fff688b2000 	/usr/lib/system/libunwind.dylib
0x00007fff688b8000 	/usr/lib/system/libxpc.dylib
0x00007fff659a2000 	/usr/lib/libc++abi.dylib
0x00007fff667a7000 	/usr/lib/liblzma.5.dylib
0x00007fff66422000 	/usr/lib/libfakelink.dylib
0x00007fff656c5000 	/usr/lib/libarchive.2.dylib
0x00007fff3c06c000 	/System/Library/Frameworks/SystemConfiguration.framework/Versions/A/SystemConfiguration
0x00007fff65030000 	/usr/lib/libCRFSuite.dylib
0x00007fff2ce7b000 	/System/Library/Frameworks/CFNetwork.framework/Versions/A/CFNetwork
0x00007fff65931000 	/usr/lib/libbsm.0.dylib
0x00007fff6869a000 	/usr/lib/system/libkxld.dylib
0x00007fff41e26000 	/System/Library/PrivateFrameworks/AppleFSCompression.framework/Versions/A/AppleFSCompression
0x00007fff65cbd000 	/usr/lib/libcoretls.dylib
0x00007fff65cd4000 	/usr/lib/libcoretls_cfhelpers.dylib
0x00007fff6750f000 	/usr/lib/libpam.2.dylib
0x00007fff67644000 	/usr/lib/libsqlite3.dylib
0x00007fff67a7b000 	/usr/lib/libxar.1.dylib
0x00007fff65942000 	/usr/lib/libbz2.1.0.dylib
0x00007fff66443000 	/usr/lib/libiconv.2.dylib
0x00007fff659b8000 	/usr/lib/libcharset.1.dylib
0x00007fff66fad000 	/usr/lib/libnetwork.dylib
0x00007fff67516000 	/usr/lib/libpcap.A.dylib
0x00007fff6567a000 	/usr/lib/libapple_nghttp2.dylib
0x00007fff2fddf000 	/System/Library/Frameworks/CoreServices.framework/Versions/A/Frameworks/FSEvents.framework/Versions/A/FSEvents
0x00007fff2faaf000 	/System/Library/Frameworks/CoreServices.framework/Versions/A/Frameworks/CarbonCore.framework/Versions/A/CarbonCore
0x00007fff30023000 	/System/Library/Frameworks/CoreServices.framework/Versions/A/Frameworks/Metadata.framework/Versions/A/Metadata
0x00007fff300bc000 	/System/Library/Frameworks/CoreServices.framework/Versions/A/Frameworks/OSServices.framework/Versions/A/OSServices
0x00007fff300ea000 	/System/Library/Frameworks/CoreServices.framework/Versions/A/Frameworks/SearchKit.framework/Versions/A/SearchKit
0x00007fff2fa29000 	/System/Library/Frameworks/CoreServices.framework/Versions/A/Frameworks/AE.framework/Versions/A/AE
0x00007fff2fde8000 	/System/Library/Frameworks/CoreServices.framework/Versions/A/Frameworks/LaunchServices.framework/Versions/A/LaunchServices
0x00007fff2fd91000 	/System/Library/Frameworks/CoreServices.framework/Versions/A/Frameworks/DictionaryServices.framework/Versions/A/DictionaryServices
0x00007fff30152000 	/System/Library/Frameworks/CoreServices.framework/Versions/A/Frameworks/SharedFileList.framework/Versions/A/SharedFileList
0x00007fff35005000 	/System/Library/Frameworks/NetFS.framework/Versions/A/NetFS
0x00007fff55b5d000 	/System/Library/PrivateFrameworks/NetAuth.framework/Versions/A/NetAuth
0x00007fff62510000 	/System/Library/PrivateFrameworks/login.framework/Versions/A/Frameworks/loginsupport.framework/Versions/A/loginsupport
0x00007fff5edf5000 	/System/Library/PrivateFrameworks/TCC.framework/Versions/A/TCC
0x00007fff46a5a000 	/System/Library/PrivateFrameworks/CoreNLP.framework/Versions/A/CoreNLP
0x00007fff5505a000 	/System/Library/PrivateFrameworks/MetadataUtilities.framework/Versions/A/MetadataUtilities
0x00007fff6687f000 	/usr/lib/libmecabra.dylib
0x00007fff667d7000 	/usr/lib/libmecab.dylib
0x00007fff66433000 	/usr/lib/libgermantok.dylib
0x00007fff65661000 	/usr/lib/libThaiTokenizer.dylib
0x00007fff65067000 	/usr/lib/libChineseTokenizer.dylib
0x00007fff2a247000 	/System/Library/Frameworks/Accelerate.framework/Versions/A/Frameworks/vImage.framework/Versions/A/vImage
0x00007fff2b715000 	/System/Library/Frameworks/Accelerate.framework/Versions/A/Frameworks/vecLib.framework/Versions/A/vecLib
0x00007fff2b596000 	/System/Library/Frameworks/Accelerate.framework/Versions/A/Frameworks/vecLib.framework/Versions/A/libvMisc.dylib
0x00007fff2b403000 	/System/Library/Frameworks/Accelerate.framework/Versions/A/Frameworks/vecLib.framework/Versions/A/libvDSP.dylib
0x00007fff2aae3000 	/System/Library/Frameworks/Accelerate.framework/Versions/A/Frameworks/vecLib.framework/Versions/A/libBLAS.dylib
0x00007fff2afbb000 	/System/Library/Frameworks/Accelerate.framework/Versions/A/Frameworks/vecLib.framework/Versions/A/libLAPACK.dylib
0x00007fff2b363000 	/System/Library/Frameworks/Accelerate.framework/Versions/A/Frameworks/vecLib.framework/Versions/A/libLinearAlgebra.dylib
0x00007fff2b3f0000 	/System/Library/Frameworks/Accelerate.framework/Versions/A/Frameworks/vecLib.framework/Versions/A/libSparseBLAS.dylib
0x00007fff2b379000 	/System/Library/Frameworks/Accelerate.framework/Versions/A/Frameworks/vecLib.framework/Versions/A/libQuadrature.dylib
0x00007fff2ac79000 	/System/Library/Frameworks/Accelerate.framework/Versions/A/Frameworks/vecLib.framework/Versions/A/libBNNS.dylib
0x00007fff2b37f000 	/System/Library/Frameworks/Accelerate.framework/Versions/A/Frameworks/vecLib.framework/Versions/A/libSparse.dylib
0x00007fff53bce000 	/System/Library/PrivateFrameworks/LanguageModeling.framework/Versions/A/LanguageModeling
0x00007fff46409000 	/System/Library/PrivateFrameworks/CoreEmoji.framework/Versions/A/CoreEmoji
0x00007fff53cec000 	/System/Library/PrivateFrameworks/LinguisticData.framework/Versions/A/LinguisticData
0x00007fff53c9d000 	/System/Library/PrivateFrameworks/Lexicon.framework/Versions/A/Lexicon
0x00007fff659b9000 	/usr/lib/libcmph.dylib
0x00007fff37bf4000 	/System/Library/Frameworks/OpenDirectory.framework/Versions/A/Frameworks/CFOpenDirectory.framework/Versions/A/CFOpenDirectory
0x00007fff37c11000 	/System/Library/Frameworks/OpenDirectory.framework/Versions/A/OpenDirectory
0x00007fff40056000 	/System/Library/PrivateFrameworks/APFS.framework/Versions/A/APFS
0x00007fff3b305000 	/System/Library/Frameworks/SecurityFoundation.framework/Versions/A/SecurityFoundation
0x00007fff67a77000 	/usr/lib/libutil.dylib
0x00007fff4793f000 	/System/Library/PrivateFrameworks/CoreServicesStore.framework/Versions/A/CoreServicesStore
0x00007fff3b3bc000 	/System/Library/Frameworks/ServiceManagement.framework/Versions/A/ServiceManagement
0x00007fff435f7000 	/System/Library/PrivateFrameworks/BackgroundTaskManagement.framework/Versions/A/BackgroundTaskManagement
0x00007fff67b74000 	/usr/lib/libxslt.1.dylib
0x00007fff42499000 	/System/Library/PrivateFrameworks/AppleSystemInfo.framework/Versions/A/AppleSystemInfo
0x00007fff3178b000 	/System/Library/Frameworks/ImageIO.framework/Versions/A/Resources/libJPEG.dylib
0x00007fff31a4a000 	/System/Library/Frameworks/ImageIO.framework/Versions/A/Resources/libTIFF.dylib
0x00007fff31a2d000 	/System/Library/Frameworks/ImageIO.framework/Versions/A/Resources/libPng.dylib
0x00007fff316cd000 	/System/Library/Frameworks/ImageIO.framework/Versions/A/Resources/libGIF.dylib
0x00007fff316d1000 	/System/Library/Frameworks/ImageIO.framework/Versions/A/Resources/libJP2.dylib
0x00007fff31a48000 	/System/Library/Frameworks/ImageIO.framework/Versions/A/Resources/libRadiance.dylib
0x00007fff663fc000 	/usr/lib/libexpat.1.dylib
0x00007fff41f81000 	/System/Library/PrivateFrameworks/AppleJPEG.framework/Versions/A/AppleJPEG
0x00007fff4ac3f000 	/System/Library/PrivateFrameworks/FontServices.framework/libFontParser.dylib
0x00007fff61512000 	/System/Library/PrivateFrameworks/WatchdogClient.framework/Versions/A/WatchdogClient
0x00007fff53229000 	/System/Library/PrivateFrameworks/IOAccelerator.framework/Versions/A/IOAccelerator
0x00007fff33f57000 	/System/Library/Frameworks/MetalPerformanceShaders.framework/Versions/A/MetalPerformanceShaders
0x00007fff4f9b9000 	/System/Library/PrivateFrameworks/GPUWrangler.framework/Versions/A/GPUWrangler
0x00007fff5323e000 	/System/Library/PrivateFrameworks/IOPresentment.framework/Versions/A/IOPresentment
0x00007fff484bf000 	/System/Library/PrivateFrameworks/DSExternalDisplay.framework/Versions/A/DSExternalDisplay
0x00007fff38585000 	/System/Library/Frameworks/OpenGL.framework/Versions/A/Libraries/libCoreFSCache.dylib
0x00007fff33ca3000 	/System/Library/Frameworks/MetalPerformanceShaders.framework/Frameworks/MPSCore.framework/Versions/A/MPSCore
0x00007fff33ce1000 	/System/Library/Frameworks/MetalPerformanceShaders.framework/Frameworks/MPSImage.framework/Versions/A/MPSImage
0x00007fff33da8000 	/System/Library/Frameworks/MetalPerformanceShaders.framework/Frameworks/MPSNeuralNetwork.framework/Versions/A/MPSNeuralNetwork
0x00007fff33d6c000 	/System/Library/Frameworks/MetalPerformanceShaders.framework/Frameworks/MPSMatrix.framework/Versions/A/MPSMatrix
0x00007fff33f07000 	/System/Library/Frameworks/MetalPerformanceShaders.framework/Frameworks/MPSRayIntersector.framework/Versions/A/MPSRayIntersector
0x00007fff33d92000 	/System/Library/Frameworks/MetalPerformanceShaders.framework/Frameworks/MPSNDArray.framework/Versions/A/MPSNDArray
0x00007fff550a7000 	/System/Library/PrivateFrameworks/MetalTools.framework/Versions/A/MetalTools
0x00007fff41230000 	/System/Library/PrivateFrameworks/AggregateDictionary.framework/Versions/A/AggregateDictionary
0x00007fff45e51000 	/System/Library/PrivateFrameworks/CoreAnalytics.framework/Versions/A/CoreAnalytics
0x00007fff423b8000 	/System/Library/PrivateFrameworks/AppleSauce.framework/Versions/A/AppleSauce
0x00007fff65323000 	/usr/lib/libIOReport.dylib
0x00007fff30653000 	/System/Library/Frameworks/CoreVideo.framework/Versions/A/CoreVideo
0x00007fff50e32000 	/System/Library/PrivateFrameworks/GraphVisualizer.framework/Versions/A/GraphVisualizer
0x00007fff4a185000 	/System/Library/PrivateFrameworks/FaceCore.framework/Versions/A/FaceCore
0x00007fff37b9b000 	/System/Library/Frameworks/OpenCL.framework/Versions/A/OpenCL
0x00007fff65145000 	/usr/lib/libFosl_dynamic.dylib
0x00007fff5657e000 	/System/Library/PrivateFrameworks/OTSVG.framework/Versions/A/OTSVG
0x00007fff2c7d4000 	/System/Library/Frameworks/ApplicationServices.framework/Versions/A/Frameworks/ATS.framework/Versions/A/Resources/libFontRegistry.dylib
0x00007fff4ae0d000 	/System/Library/PrivateFrameworks/FontServices.framework/libhvf.dylib
0x00007fff38590000 	/System/Library/Frameworks/OpenGL.framework/Versions/A/Libraries/libGFXShared.dylib
0x00007fff3876e000 	/System/Library/Frameworks/OpenGL.framework/Versions/A/Libraries/libGLU.dylib
0x00007fff38599000 	/System/Library/Frameworks/OpenGL.framework/Versions/A/Libraries/libGL.dylib
0x00007fff385a4000 	/System/Library/Frameworks/OpenGL.framework/Versions/A/Libraries/libGLImage.dylib
0x00007fff38582000 	/System/Library/Frameworks/OpenGL.framework/Versions/A/Libraries/libCVMSPluginSupport.dylib
0x00007fff3858b000 	/System/Library/Frameworks/OpenGL.framework/Versions/A/Libraries/libCoreVMClient.dylib
0x00007fff66e4e000 	/usr/lib/libncurses.5.4.dylib
0x00007fff2c6d0000 	/System/Library/Frameworks/ApplicationServices.framework/Versions/A/Frameworks/ATS.framework/Versions/A/ATS
0x00007fff2c89d000 	/System/Library/Frameworks/ApplicationServices.framework/Versions/A/Frameworks/ColorSyncLegacy.framework/Versions/A/ColorSyncLegacy
0x00007fff2c93b000 	/System/Library/Frameworks/ApplicationServices.framework/Versions/A/Frameworks/HIServices.framework/Versions/A/HIServices
0x00007fff2c993000 	/System/Library/Frameworks/ApplicationServices.framework/Versions/A/Frameworks/LangAnalysis.framework/Versions/A/LangAnalysis
0x00007fff2c9a2000 	/System/Library/Frameworks/ApplicationServices.framework/Versions/A/Frameworks/PrintCore.framework/Versions/A/PrintCore
0x00007fff2c9e8000 	/System/Library/Frameworks/ApplicationServices.framework/Versions/A/Frameworks/QD.framework/Versions/A/QD
0x00007fff2c9f3000 	/System/Library/Frameworks/ApplicationServices.framework/Versions/A/Frameworks/SpeechSynthesis.framework/Versions/A/SpeechSynthesis
0x00007fff2c86d000 	/System/Library/Frameworks/ApplicationServices.framework/Versions/A/Frameworks/ATSUI.framework/Versions/A/ATSUI
0x00007fff66292000 	/usr/lib/libcups.2.dylib
0x00007fff32ff2000 	/System/Library/Frameworks/Kerberos.framework/Versions/A/Kerberos
0x00007fff3112f000 	/System/Library/Frameworks/GSS.framework/Versions/A/GSS
0x00007fff675d0000 	/usr/lib/libresolv.9.dylib
0x00007fff50fdf000 	/System/Library/PrivateFrameworks/Heimdal.framework/Versions/A/Heimdal
0x00007fff33005000 	/System/Library/Frameworks/Kerberos.framework/Versions/A/Libraries/libHeimdalProxy.dylib
0x00007fff66439000 	/usr/lib/libheimdal-asn1.dylib
0x00007fff452e9000 	/System/Library/PrivateFrameworks/CommonAuth.framework/Versions/A/CommonAuth
0x00007fff42536000 	/System/Library/PrivateFrameworks/AssertionServices.framework/Versions/A/AssertionServices
0x00007fff430d9000 	/System/Library/PrivateFrameworks/AudioToolboxCore.framework/Versions/A/AudioToolboxCore
0x00007fff621c0000 	/System/Library/PrivateFrameworks/caulk.framework/Versions/A/caulk
0x00007fff436a3000 	/System/Library/PrivateFrameworks/BaseBoard.framework/Versions/A/BaseBoard
0x00007fff5a7e2000 	/System/Library/PrivateFrameworks/RunningBoardServices.framework/Versions/A/RunningBoardServices
0x00007fff577f3000 	/System/Library/PrivateFrameworks/PersistentConnection.framework/Versions/A/PersistentConnection
0x00007fff5a1db000 	/System/Library/PrivateFrameworks/ProtocolBuffer.framework/Versions/A/ProtocolBuffer
0x00007fff4530d000 	/System/Library/PrivateFrameworks/CommonUtilities.framework/Versions/A/CommonUtilities
0x00007fff43831000 	/System/Library/PrivateFrameworks/Bom.framework/Versions/A/Bom
0x00007fff64ff6000 	/usr/lib/libAudioToolboxUtility.dylib
0x00007fff43601000 	/System/Library/PrivateFrameworks/Backup.framework/Versions/A/Backup
0x00007fff483e0000 	/System/Library/PrivateFrameworks/CrashReporterSupport.framework/Versions/A/CrashReporterSupport
0x00007fff5c274000 	/System/Library/PrivateFrameworks/Sharing.framework/Versions/A/Sharing
0x00007fff41b44000 	/System/Library/PrivateFrameworks/Apple80211.framework/Versions/A/Apple80211
0x00007fff4331e000 	/System/Library/PrivateFrameworks/AuthKit.framework/Versions/A/AuthKit
0x00007fff480ed000 	/System/Library/PrivateFrameworks/CoreUtils.framework/Versions/A/CoreUtils
0x00007fff30698000 	/System/Library/Frameworks/CoreWLAN.framework/Versions/A/CoreWLAN
0x00007fff312bc000 	/System/Library/Frameworks/IOBluetooth.framework/Versions/A/IOBluetooth
0x00007fff553ac000 	/System/Library/PrivateFrameworks/MobileKeyBag.framework/Versions/A/MobileKeyBag
0x00007fff46ef2000 	/System/Library/PrivateFrameworks/CorePhoneNumbers.framework/Versions/A/CorePhoneNumbers
0x00007fff41f34000 	/System/Library/PrivateFrameworks/AppleIDAuthSupport.framework/Versions/A/AppleIDAuthSupport
0x00007fff35012000 	/System/Library/Frameworks/Network.framework/Versions/A/Network
0x00007fff53a7a000 	/System/Library/PrivateFrameworks/KeychainCircle.framework/Versions/A/KeychainCircle
0x00007fff2e0b4000 	/System/Library/Frameworks/CoreBluetooth.framework/Versions/A/CoreBluetooth
0x00007fff5e2f3000 	/System/Library/PrivateFrameworks/SpeechRecognitionCore.framework/Versions/A/SpeechRecognitionCore
0x0000000104a00000 	/Applications/Android Studio.app/Contents/jre/jdk/Contents/Home/lib/server/libjvm.dylib
0x000000010415b000 	/Applications/Android Studio.app/Contents/jre/jdk/Contents/Home/lib/libverify.dylib
0x000000010416c000 	/Applications/Android Studio.app/Contents/jre/jdk/Contents/Home/lib/libjava.dylib
0x0000000104198000 	/Applications/Android Studio.app/Contents/jre/jdk/Contents/Home/lib/libjimage.dylib
0x00000001041ee000 	/Applications/Android Studio.app/Contents/jre/jdk/Contents/Home/lib/libzip.dylib
0x00000001121d1000 	/Applications/Android Studio.app/Contents/jre/jdk/Contents/Home/lib/libnio.dylib
0x00000001121e4000 	/Applications/Android Studio.app/Contents/jre/jdk/Contents/Home/lib/libnet.dylib
0x00000001121fd000 	/Users/brunogambeta/.gradle/native/fdc75f09e3144964f2cf3f50f0aa648679c211496f362492102eb8c894070792/osx-amd64/libnative-platform.dylib
0x0000000112204000 	/Users/brunogambeta/.gradle/native/12488b8bf47d2d4c9fbf2f6322a914ad602e24e48041cd04a747c6da556b65c4/osx-amd64/libnative-platform-file-events.dylib
0x0000000112671000 	/Applications/Android Studio.app/Contents/jre/jdk/Contents/Home/lib/libmanagement.dylib
0x000000011267b000 	/Applications/Android Studio.app/Contents/jre/jdk/Contents/Home/lib/libmanagement_ext.dylib
0x0000000112886000 	/Applications/Android Studio.app/Contents/jre/jdk/Contents/Home/lib/libextnet.dylib


VM Arguments:
jvm_args: --add-opens=java.base/java.util=ALL-UNNAMED --add-opens=java.base/java.lang=ALL-UNNAMED --add-opens=java.base/java.lang.invoke=ALL-UNNAMED --add-opens=java.prefs/java.util.prefs=ALL-UNNAMED -Xmx2048m -Dfile.encoding=UTF-8 -Duser.country=BR -Duser.language=pt -Duser.variant 
java_command: org.gradle.launcher.daemon.bootstrap.GradleDaemon 6.7.1
java_class_path (initial): /Users/brunogambeta/.gradle/wrapper/dists/gradle-6.7.1-bin/bwlcbys1h7rz3272sye1xwiv6/gradle-6.7.1/lib/gradle-launcher-6.7.1.jar
Launcher Type: SUN_STANDARD

[Global flags]
     intx CICompilerCount                          = 3                                         {product} {ergonomic}
     uint ConcGCThreads                            = 1                                         {product} {ergonomic}
     uint G1ConcRefinementThreads                  = 4                                         {product} {ergonomic}
   size_t G1HeapRegionSize                         = 1048576                                   {product} {ergonomic}
    uintx GCDrainStackTargetSize                   = 64                                        {product} {ergonomic}
   size_t InitialHeapSize                          = 167772160                                 {product} {ergonomic}
   size_t MarkStackSize                            = 4194304                                   {product} {ergonomic}
   size_t MaxHeapSize                              = 2147483648                                {product} {command line}
   size_t MaxNewSize                               = 1287651328                                {product} {ergonomic}
   size_t MinHeapDeltaBytes                        = 1048576                                   {product} {ergonomic}
    uintx NonNMethodCodeHeapSize                   = 5830732                                {pd product} {ergonomic}
    uintx NonProfiledCodeHeapSize                  = 122913754                              {pd product} {ergonomic}
    uintx ProfiledCodeHeapSize                     = 122913754                              {pd product} {ergonomic}
    uintx ReservedCodeCacheSize                    = 251658240                              {pd product} {ergonomic}
     bool SegmentedCodeCache                       = true                                      {product} {ergonomic}
     bool UseCompressedClassPointers               = true                                 {lp64_product} {ergonomic}
     bool UseCompressedOops                        = true                                 {lp64_product} {ergonomic}
     bool UseG1GC                                  = true                                      {product} {ergonomic}

Logging:
Log output configuration:
 #0: stdout all=warning uptime,level,tags
 #1: stderr all=off uptime,level,tags

Environment Variables:
PATH=/usr/local/bin:/usr/bin:/bin:/usr/sbin:/sbin
SHELL=/bin/zsh
LC_CTYPE=pt_BR.UTF-8

Signal Handlers:
SIGSEGV: [libjvm.dylib+0x7426da], sa_mask[0]=11111111011111110111111111111111, sa_flags=SA_ONSTACK|SA_RESTART|SA_SIGINFO
SIGBUS: [libjvm.dylib+0x7426da], sa_mask[0]=11111111011111110111111111111111, sa_flags=SA_RESTART|SA_SIGINFO
SIGFPE: [libjvm.dylib+0x7426da], sa_mask[0]=11111111011111110111111111111111, sa_flags=SA_RESTART|SA_SIGINFO
SIGPIPE: [libjvm.dylib+0x5f4223], sa_mask[0]=11111111011111110111111111111111, sa_flags=SA_RESTART|SA_SIGINFO
SIGXFSZ: [libjvm.dylib+0x5f4223], sa_mask[0]=11111111011111110111111111111111, sa_flags=SA_RESTART|SA_SIGINFO
SIGILL: [libjvm.dylib+0x7426da], sa_mask[0]=11111111011111110111111111111111, sa_flags=SA_RESTART|SA_SIGINFO
SIGUSR2: [libjvm.dylib+0x5f480b], sa_mask[0]=00100000000000000000000000000000, sa_flags=SA_RESTART|SA_SIGINFO
SIGHUP: [libjvm.dylib+0x5f3351], sa_mask[0]=11111111011111110111111111111111, sa_flags=SA_RESTART|SA_SIGINFO
SIGINT: [libjvm.dylib+0x5f3351], sa_mask[0]=11111111011111110111111111111111, sa_flags=SA_RESTART|SA_SIGINFO
SIGTERM: [libjvm.dylib+0x5f3351], sa_mask[0]=11111111011111110111111111111111, sa_flags=SA_RESTART|SA_SIGINFO
SIGQUIT: [libjvm.dylib+0x5f3351], sa_mask[0]=11111111011111110111111111111111, sa_flags=SA_RESTART|SA_SIGINFO


---------------  S Y S T E M  ---------------

OS:uname:Darwin 19.6.0 Darwin Kernel Version 19.6.0: Tue Jun 22 19:49:55 PDT 2021; root:xnu-6153.141.35~1/RELEASE_X86_64 x86_64
OS uptime: 0 days 0:06 hours
rlimit (soft/hard): STACK 8192k/65532k , CORE 0k/infinity , NPROC 1392/2088 , NOFILE 10240/infinity , AS infinity/infinity , CPU infinity/infinity , DATA infinity/infinity , FSIZE infinity/infinity , MEMLOCK infinity/infinity , RSS infinity/infinity
load average:5.47 8.40 5.17

CPU:total 4 (initial active 4) (2 cores per cpu, 2 threads per core) family 6 model 58 stepping 9, cmov, cx8, fxsr, mmx, sse, sse2, sse3, ssse3, sse4.1, sse4.2, popcnt, avx, aes, clmul, erms, ht, tsc, tscinvbit, tscinv

Memory: 4k page, physical 10485760k(1083912k free), swap 0k(0k free)

vm_info: OpenJDK 64-Bit Server VM (11.0.8+10-b944.6916264) for bsd-amd64 JRE (11.0.8+10-b944.6916264), built on Dec 31 2020 16:59:49 by "builder" with gcc 4.2.1 Compatible Apple LLVM 10.0.1 (clang-1001.0.46.4)

END.
